#
# A fatal error has been detected by the Java Runtime Environment:
#
#  EXCEPTION_ACCESS_VIOLATION (0xc0000005) at pc=0x00007ffd8ba66407, pid=10828, tid=12236
#
# JRE version: OpenJDK Runtime Environment (21.0.1+12) (build 21.0.1+12-29)
# Java VM: OpenJDK 64-Bit Server VM (21.0.1+12-29, mixed mode, sharing, tiered, compressed oops, compressed class ptrs, g1 gc, windows-amd64)
# Problematic frame:
# C  [glass.dll+0x26407]
#
# No core dump will be written. Minidumps are not enabled by default on client versions of Windows
#
# If you would like to submit a bug report, please visit:
#   https://bugreport.java.com/bugreport/crash.jsp
#

---------------  S U M M A R Y ------------

Command Line: -javaagent:C:\Program Files\JetBrains\IntelliJ IDEA Community Edition 2023.2\lib\idea_rt.jar=45646:C:\Program Files\JetBrains\IntelliJ IDEA Community Edition 2023.2\bin -Dfile.encoding=UTF-8 -Dsun.stdout.encoding=UTF-8 -Dsun.stderr.encoding=UTF-8 --module-path=C:\Users\Admin\.m2\repository\org\openjfx\javafx-graphics\21-ea+5\javafx-graphics-21-ea+5-win.jar;C:\Users\Admin\.m2\repository\org\openjfx\javafx-base\21-ea+5\javafx-base-21-ea+5-win.jar;C:\Users\Admin\.m2\repository\org\openjfx\javafx-controls\21-ea+5\javafx-controls-21-ea+5-win.jar;C:\Users\Admin\IdeaProjects\Algorithms\target\classes;C:\Users\Admin\.m2\repository\org\openjfx\javafx-fxml\21-ea+5\javafx-fxml-21-ea+5-win.jar -Djdk.module.main=com.example.algorithms com.example.algorithms/com.example.algorithms.HelloApplication

Host: 11th Gen Intel(R) Core(TM) i5-1155G7 @ 2.50GHz, 8 cores, 15G,  Windows 11 , 64 bit Build 22621 (10.0.22621.2506)
Time: Mon Dec 11 16:52:14 2023  Windows 11 , 64 bit Build 22621 (10.0.22621.2506) elapsed time: 17.249732 seconds (0d 0h 0m 17s)

---------------  T H R E A D  ---------------

Current thread (0x0000028a7b9648c0):  VMThread "VM Thread"          [id=12236, stack(0x000000b805100000,0x000000b805200000) (1024K)]

Stack: [0x000000b805100000,0x000000b805200000],  sp=0x000000b8051fedf0,  free space=1019k
Native frames: (J=compiled Java code, j=interpreted, Vv=VM code, C=native code)
C  [glass.dll+0x26407]


siginfo: EXCEPTION_ACCESS_VIOLATION (0xc0000005), reading address 0x0000000000000000


Registers:
RAX=0x0000000000000000, RBX=0x0000028a7b97076a, RCX=0x0000028a7b9648c0, RDX=0x000000b8051fedf0
RSP=0x000000b8051fedf0, RBP=0x0000028a45f80a08, RSI=0x000000b8051feef8, RDI=0x0000028a45f809e0
R8 =0x0000000000010002, R9 =0x0000028a45f809e0, R10=0x85f13e9656da4870, R11=0x000000b8051fed80
R12=0x00007ffd8ba63d40, R13=0x00007ffd32f01fa0, R14=0x000095242e8cd054, R15=0x0000028a45f809e0
RIP=0x00007ffd8ba66407, EFLAGS=0x0000000000010206


Register to memory mapping:

RAX=0x0 is null
RBX=0x0000028a7b97076a is a global jni handle
RCX=0x0000028a7b9648c0 points into unknown readable memory: 0x00007ffd32d13f88 | 88 3f d1 32 fd 7f 00 00
RDX=0x000000b8051fedf0 points into unknown readable memory: 0x0000000000000000 | 00 00 00 00 00 00 00 00
RSP=0x000000b8051fedf0 points into unknown readable memory: 0x0000000000000000 | 00 00 00 00 00 00 00 00
RBP=0x0000028a45f80a08 points into unknown readable memory: 0x000095242e8cd054 | 54 d0 8c 2e 24 95 00 00
RSI=0x000000b8051feef8 points into unknown readable memory: 0x000000b8051feee0 | e0 ee 1f 05 b8 00 00 00
RDI=0x0000028a45f809e0 points into unknown readable memory: 0xffd82f47ab0cd053 | 53 d0 0c ab 47 2f d8 ff
R8 =0x0000000000010002 is an unknown value
R9 =0x0000028a45f809e0 points into unknown readable memory: 0xffd82f47ab0cd053 | 53 d0 0c ab 47 2f d8 ff
R10=0x85f13e9656da4870 is an unknown value
R11=0x000000b8051fed80 points into unknown readable memory: 0x0000028a45f809e0 | e0 09 f8 45 8a 02 00 00
R12=0x00007ffd8ba63d40 glass.dll
R13=0x00007ffd32f01fa0 jvm.dll
R14=0x000095242e8cd054 is an unknown value
R15=0x0000028a45f809e0 points into unknown readable memory: 0xffd82f47ab0cd053 | 53 d0 0c ab 47 2f d8 ff

Top of Stack: (sp=0x000000b8051fedf0)
0x000000b8051fedf0:   0000000000000000 000000b8051feef8
0x000000b8051fee00:   00007ffd32f01fa0 00007ffd8ba63d40
0x000000b8051fee10:   0000028a45f809e8 00007ffdb01e3a83
0x000000b8051fee20:   0000028a45f809e0 0000028a00000000
0x000000b8051fee30:   0000028a45f80a08 000000b8051feef8
0x000000b8051fee40:   fffffffffffffffe 0000000000000000
0x000000b8051fee50:   0000000000000001 00007ffd8ba40000
0x000000b8051fee60:   000000b8051feee8 00007ffdb01b006e
0x000000b8051fee70:   0000000000000000 000000b8051feef8
0x000000b8051fee80:   000000b8051ff1e0 0000000000000001
0x000000b8051fee90:   0000000000000001 00007ffdb01ada1d
0x000000b8051feea0:   0000000000000000 00007ffd8ba63539
0x000000b8051feeb0:   0000000000000000 000000b8051feee8
0x000000b8051feec0:   fffffffffffffffe 000000b8051ff100
0x000000b8051feed0:   0000000000000000 00007ffd8ba63bcd
0x000000b8051feee0:   00007ffd8ba79f88 00007ffd00000002
0x000000b8051feef0:   0000000000000002 000000b8051feee0
0x000000b8051fef00:   0000000000000000 00007ffdb25b8603
0x000000b8051fef10:   0000000000000000 00007ffd8ba63cf2
0x000000b8051fef20:   0000000000000001 0000000000000001
0x000000b8051fef30:   0000000000000000 0000000000000001
0x000000b8051fef40:   0000000000000001 00007ffdaf0e2223
0x000000b8051fef50:   00007ffd00000001 0000000000000000
0x000000b8051fef60:   00007ffd8ba40000 000000007ffe0384
0x000000b8051fef70:   0000000000000000 00007ffdb25b869f
0x000000b8051fef80:   00007ffd8ba40000 0000000000000000
0x000000b8051fef90:   0000000000000001 000000007ffe0385
0x000000b8051fefa0:   00007ffdb26c7a20 00007ffda045e260
0x000000b8051fefb0:   0000a380f903d900 00007ffd9f250000
0x000000b8051fefc0:   00007ffd8ba63d40 0000000000000000
0x000000b8051fefd0:   0000000000000000 000000b804834000
0x000000b8051fefe0:   0000028a4548c680 00007ffdb25e10a6 

Instructions: (pc=0x00007ffd8ba66407)
0x00007ffd8ba66307:   8b 4d 58 e8 7d cf ff ff 48 8b 4d 60 e8 74 cf ff
0x00007ffd8ba66317:   ff 48 8b 95 80 00 00 00 48 8b 8d 18 01 00 00 e8
0x00007ffd8ba66327:   66 c4 ff ff 33 d2 33 c9 e8 bc e1 ff ff 90 48 89
0x00007ffd8ba66337:   54 24 10 55 48 83 ec 20 48 8b ea 48 b8 00 00 00
0x00007ffd8ba66347:   00 00 00 00 00 48 83 c4 20 5d c3 cc 40 55 48 8b
0x00007ffd8ba66357:   ea 48 8b 01 33 c9 81 38 05 00 00 c0 0f 94 c1 8b
0x00007ffd8ba66367:   c1 5d c3 cc 40 55 48 83 ec 20 48 8b ea 8a 4d 40
0x00007ffd8ba66377:   48 83 c4 20 5d e9 63 d3 ff ff cc 40 55 48 83 ec
0x00007ffd8ba66387:   20 48 8b ea 8a 4d 20 e8 51 d3 ff ff 90 48 83 c4
0x00007ffd8ba66397:   20 5d c3 cc 40 55 48 83 ec 20 48 8b ea 48 83 c4
0x00007ffd8ba663a7:   20 5d e9 b2 d1 ff ff cc 40 55 48 83 ec 30 48 8b
0x00007ffd8ba663b7:   ea 48 8b 01 8b 10 48 89 4c 24 28 89 54 24 20 4c
0x00007ffd8ba663c7:   8d 0d 53 d6 ff ff 4c 8b 45 70 8b 55 68 48 8b 4d
0x00007ffd8ba663d7:   60 e8 f3 d0 ff ff 90 48 83 c4 30 5d c3 cc cc cc
0x00007ffd8ba663e7:   cc cc cc cc cc cc cc cc cc 40 53 48 83 ec 20 48
0x00007ffd8ba663f7:   8b 1d 8b 35 01 00 48 85 db 74 16 e8 79 8b ff ff
0x00007ffd8ba66407:   4c 8b 00 48 8b d3 48 8b c8 41 ff 90 b0 00 00 00
0x00007ffd8ba66417:   90 48 83 c4 20 5b c3 cc cc 40 53 48 83 ec 20 48
0x00007ffd8ba66427:   8b 1d fb 36 01 00 48 85 db 74 57 b8 ff ff ff ff
0x00007ffd8ba66437:   f0 0f c1 43 10 83 f8 01 75 3d 48 85 db 74 38 48
0x00007ffd8ba66447:   8b 0b 48 85 c9 74 0d ff 15 54 0e 00 00 48 c7 03
0x00007ffd8ba66457:   00 00 00 00 48 8b 4b 08 48 85 c9 74 0d e8 23 ce
0x00007ffd8ba66467:   ff ff 48 c7 43 08 00 00 00 00 ba 18 00 00 00 48
0x00007ffd8ba66477:   8b cb e8 0e ce ff ff 48 c7 05 9f 36 01 00 00 00
0x00007ffd8ba66487:   00 00 48 83 c4 20 5b c3 cc 40 53 48 83 ec 20 48
0x00007ffd8ba66497:   8b 1d 6b 36 01 00 48 85 db 74 57 b8 ff ff ff ff
0x00007ffd8ba664a7:   f0 0f c1 43 10 83 f8 01 75 3d 48 85 db 74 38 48
0x00007ffd8ba664b7:   8b 0b 48 85 c9 74 0d ff 15 e4 0d 00 00 48 c7 03
0x00007ffd8ba664c7:   00 00 00 00 48 8b 4b 08 48 85 c9 74 0d e8 b3 cd
0x00007ffd8ba664d7:   ff ff 48 c7 43 08 00 00 00 00 ba 18 00 00 00 48
0x00007ffd8ba664e7:   8b cb e8 9e cd ff ff 48 c7 05 0f 36 01 00 00 00
0x00007ffd8ba664f7:   00 00 48 83 c4 20 5b c3 cc 40 53 48 83 ec 20 48 


Stack slot to memory mapping:

stack at sp + 0 slots: 0x0 is null
stack at sp + 1 slots: 0x000000b8051feef8 points into unknown readable memory: 0x000000b8051feee0 | e0 ee 1f 05 b8 00 00 00
stack at sp + 2 slots: 0x00007ffd32f01fa0 jvm.dll
stack at sp + 3 slots: 0x00007ffd8ba63d40 glass.dll
stack at sp + 4 slots: 0x0000028a45f809e8 points into unknown readable memory: 0x000095242e8cd054 | 54 d0 8c 2e 24 95 00 00
stack at sp + 5 slots: 0x00007ffdb01e3a83 ucrtbase.dll
stack at sp + 6 slots: 0x0000028a45f809e0 points into unknown readable memory: 0xffd82f47ab0cd053 | 53 d0 0c ab 47 2f d8 ff
stack at sp + 7 slots: 0x0000028a00000000 is pointing into metadata

VM_Operation (0x000000b806aff2d0): Exit, mode: safepoint, requested by thread 0x0000028a4bc62030


---------------  P R O C E S S  ---------------

Threads class SMR info:
_java_thread_list=0x0000028a46066560, length=20, elements={
0x0000028a5c8be470, 0x0000028a7b980da0, 0x0000028a7b981e70, 0x0000028a7b985d70,
0x0000028a7b9889d0, 0x0000028a7b989880, 0x0000028a7b98a500, 0x0000028a7b992ae0,
0x0000028a7b9bba30, 0x0000028a451b8380, 0x0000028a45a767c0, 0x0000028a45b89430,
0x0000028a452f6b60, 0x0000028a465daa90, 0x0000028a46cbb580, 0x0000028a46bee130,
0x0000028a46bb7de0, 0x0000028a4bc62d50, 0x0000028a4bc619a0, 0x0000028a4bc62030
}

Java Threads: ( => current thread )
  0x0000028a5c8be470 JavaThread "main"                              [_thread_blocked, id=7632, stack(0x000000b804a00000,0x000000b804b00000) (1024K)]
  0x0000028a7b980da0 JavaThread "Reference Handler"          daemon [_thread_blocked, id=16280, stack(0x000000b805200000,0x000000b805300000) (1024K)]
  0x0000028a7b981e70 JavaThread "Finalizer"                  daemon [_thread_blocked, id=14928, stack(0x000000b805300000,0x000000b805400000) (1024K)]
  0x0000028a7b985d70 JavaThread "Signal Dispatcher"          daemon [_thread_blocked, id=12108, stack(0x000000b805400000,0x000000b805500000) (1024K)]
  0x0000028a7b9889d0 JavaThread "Attach Listener"            daemon [_thread_blocked, id=18276, stack(0x000000b805500000,0x000000b805600000) (1024K)]
  0x0000028a7b989880 JavaThread "Service Thread"             daemon [_thread_blocked, id=4612, stack(0x000000b805600000,0x000000b805700000) (1024K)]
  0x0000028a7b98a500 JavaThread "Monitor Deflation Thread"   daemon [_thread_blocked, id=5200, stack(0x000000b805700000,0x000000b805800000) (1024K)]
  0x0000028a7b992ae0 JavaThread "C2 CompilerThread0"         daemon [_thread_blocked, id=11628, stack(0x000000b805800000,0x000000b805900000) (1024K)]
  0x0000028a7b9bba30 JavaThread "C1 CompilerThread0"         daemon [_thread_blocked, id=15672, stack(0x000000b805900000,0x000000b805a00000) (1024K)]
  0x0000028a451b8380 JavaThread "Common-Cleaner"             daemon [_thread_blocked, id=13496, stack(0x000000b805a00000,0x000000b805b00000) (1024K)]
  0x0000028a45a767c0 JavaThread "Monitor Ctrl-Break"         daemon [_thread_in_native, id=12172, stack(0x000000b805d00000,0x000000b805e00000) (1024K)]
  0x0000028a45b89430 JavaThread "Notification Thread"        daemon [_thread_blocked, id=9200, stack(0x000000b805e00000,0x000000b805f00000) (1024K)]
  0x0000028a452f6b60 JavaThread "QuantumRenderer-0"          daemon [_thread_blocked, id=4660, stack(0x000000b805c00000,0x000000b805d00000) (1024K)]
  0x0000028a465daa90 JavaThread "InvokeLaterDispatcher"      daemon [_thread_blocked, id=5812, stack(0x000000b805f00000,0x000000b806000000) (1024K)]
  0x0000028a46cbb580 JavaThread "JavaFX Application Thread"         [_thread_in_native, id=18692, stack(0x000000b806000000,0x000000b806100000) (1024K)]
  0x0000028a46bee130 JavaThread "Thread-1"                   daemon [_thread_in_native, id=21016, stack(0x000000b805b00000,0x000000b805c00000) (1024K)]
  0x0000028a46bb7de0 JavaThread "JavaFX-Launcher"                   [_thread_blocked, id=14172, stack(0x000000b806400000,0x000000b806500000) (1024K)]
  0x0000028a4bc62d50 JavaThread "Prism Font Disposer"        daemon [_thread_blocked, id=23876, stack(0x000000b806f00000,0x000000b807000000) (1024K)]
  0x0000028a4bc619a0 JavaThread "Cleaner-0"                  daemon [_thread_blocked, id=15368, stack(0x000000b807200000,0x000000b807300000) (1024K)]
  0x0000028a4bc62030 JavaThread "SIGINT handler"             daemon [_thread_blocked, id=4548, stack(0x000000b806a00000,0x000000b806b00000) (1024K)]
Total: 20

Other Threads:
=>0x0000028a7b9648c0 VMThread "VM Thread"                           [id=12236, stack(0x000000b805100000,0x000000b805200000) (1024K)]
  0x0000028a5c925350 WorkerThread "GC Thread#0"                     [id=6156, stack(0x000000b804b00000,0x000000b804c00000) (1024K)]
  0x0000028a46ba5350 WorkerThread "GC Thread#1"                     [id=9080, stack(0x000000b806500000,0x000000b806600000) (1024K)]
  0x0000028a45fffa10 WorkerThread "GC Thread#2"                     [id=13588, stack(0x000000b806600000,0x000000b806700000) (1024K)]
  0x0000028a46b96610 WorkerThread "GC Thread#3"                     [id=14712, stack(0x000000b806700000,0x000000b806800000) (1024K)]
  0x0000028a46b77b30 WorkerThread "GC Thread#4"                     [id=11232, stack(0x000000b806800000,0x000000b806900000) (1024K)]
  0x0000028a46b79ee0 WorkerThread "GC Thread#5"                     [id=7084, stack(0x000000b806900000,0x000000b806a00000) (1024K)]
  0x0000028a46285fd0 WorkerThread "GC Thread#6"                     [id=9088, stack(0x000000b807000000,0x000000b807100000) (1024K)]
  0x0000028a4bd1c190 WorkerThread "GC Thread#7"                     [id=6276, stack(0x000000b807100000,0x000000b807200000) (1024K)]
  0x0000028a5c936170 ConcurrentGCThread "G1 Main Marker"            terminated
  0x0000028a5c937410 WorkerThread "G1 Conc#0"                       [id=12476, stack(0x000000b804d00000,0x000000b804e00000) (1024K)]
  0x0000028a7b81c530 ConcurrentGCThread "G1 Refine#0"               terminated
  0x0000028a7b81cd50 ConcurrentGCThread "G1 Service"                terminated
Total: 13

Threads with active compile tasks:
Total: 0

VM state: at safepoint (shutting down)

VM Mutex/Monitor currently owned by a thread:  ([mutex/lock_event])
[0x00007ffd32eda5f8] Threads_lock - owner thread: 0x0000028a7b9648c0
[0x00007ffd32eda6f8] Heap_lock - owner thread: 0x0000028a4bc62030

Heap address: 0x0000000703600000, size: 4042 MB, Compressed Oops mode: Zero based, Oop shift amount: 3

CDS archive(s) mapped at: [0x0000028a00000000-0x0000028a00c90000-0x0000028a00c90000), size 13172736, SharedBaseAddress: 0x0000028a00000000, ArchiveRelocationMode: 1.
Compressed class space mapped at: 0x0000028a01000000-0x0000028a41000000, reserved size: 1073741824
Narrow klass base: 0x0000028a00000000, Narrow klass shift: 0, Narrow klass range: 0x100000000

GC Precious Log:
 CardTable entry size: 512
 Card Set container configuration: InlinePtr #cards 4 size 8 Array Of Cards #cards 16 size 48 Howl #buckets 8 coarsen threshold 3686 Howl Bitmap #cards 512 size 80 coarsen threshold 460 Card regions per heap region 1 cards per card region 4096
 CPUs: 8 total, 8 available
 Memory: 16167M
 Large Page Support: Disabled
 NUMA Support: Disabled
 Compressed Oops: Enabled (Zero based)
 Heap Region Size: 2M
 Heap Min Capacity: 8M
 Heap Initial Capacity: 254M
 Heap Max Capacity: 4042M
 Pre-touch: Disabled
 Parallel Workers: 8
 Concurrent Workers: 2
 Concurrent Refinement Workers: 8
 Periodic GC: Disabled

Heap:
 garbage-first heap   total 260096K, used 35424K [0x0000000703600000, 0x0000000800000000)
  region size 2048K, 17 young (34816K), 3 survivors (6144K)
 Metaspace       used 17906K, committed 18240K, reserved 1114112K
  class space    used 2753K, committed 2880K, reserved 1048576K

Heap Regions: E=young(eden), S=young(survivor), O=old, HS=humongous(starts), HC=humongous(continues), CS=collection set, F=free, TAMS=top-at-mark-start, PB=parsable bottom
|   0|0x0000000703600000, 0x0000000703698248, 0x0000000703800000| 29%| O|  |TAMS 0x0000000703600000| PB 0x0000000703600000| Untracked 
|   1|0x0000000703800000, 0x0000000703a00000, 0x0000000703a00000|100%|HS|  |TAMS 0x0000000703800000| PB 0x0000000703800000| Complete 
|   2|0x0000000703a00000, 0x0000000703a00000, 0x0000000703c00000|  0%| F|  |TAMS 0x0000000703a00000| PB 0x0000000703a00000| Untracked 
|   3|0x0000000703c00000, 0x0000000703c00000, 0x0000000703e00000|  0%| F|  |TAMS 0x0000000703c00000| PB 0x0000000703c00000| Untracked 
|   4|0x0000000703e00000, 0x0000000703e00000, 0x0000000704000000|  0%| F|  |TAMS 0x0000000703e00000| PB 0x0000000703e00000| Untracked 
|   5|0x0000000704000000, 0x0000000704000000, 0x0000000704200000|  0%| F|  |TAMS 0x0000000704000000| PB 0x0000000704000000| Untracked 
|   6|0x0000000704200000, 0x0000000704200000, 0x0000000704400000|  0%| F|  |TAMS 0x0000000704200000| PB 0x0000000704200000| Untracked 
|   7|0x0000000704400000, 0x0000000704400000, 0x0000000704600000|  0%| F|  |TAMS 0x0000000704400000| PB 0x0000000704400000| Untracked 
|   8|0x0000000704600000, 0x0000000704600000, 0x0000000704800000|  0%| F|  |TAMS 0x0000000704600000| PB 0x0000000704600000| Untracked 
|   9|0x0000000704800000, 0x0000000704800000, 0x0000000704a00000|  0%| F|  |TAMS 0x0000000704800000| PB 0x0000000704800000| Untracked 
|  10|0x0000000704a00000, 0x0000000704a00000, 0x0000000704c00000|  0%| F|  |TAMS 0x0000000704a00000| PB 0x0000000704a00000| Untracked 
|  11|0x0000000704c00000, 0x0000000704c00000, 0x0000000704e00000|  0%| F|  |TAMS 0x0000000704c00000| PB 0x0000000704c00000| Untracked 
|  12|0x0000000704e00000, 0x0000000704e00000, 0x0000000705000000|  0%| F|  |TAMS 0x0000000704e00000| PB 0x0000000704e00000| Untracked 
|  13|0x0000000705000000, 0x0000000705000000, 0x0000000705200000|  0%| F|  |TAMS 0x0000000705000000| PB 0x0000000705000000| Untracked 
|  14|0x0000000705200000, 0x0000000705200000, 0x0000000705400000|  0%| F|  |TAMS 0x0000000705200000| PB 0x0000000705200000| Untracked 
|  15|0x0000000705400000, 0x0000000705400000, 0x0000000705600000|  0%| F|  |TAMS 0x0000000705400000| PB 0x0000000705400000| Untracked 
|  16|0x0000000705600000, 0x0000000705600000, 0x0000000705800000|  0%| F|  |TAMS 0x0000000705600000| PB 0x0000000705600000| Untracked 
|  17|0x0000000705800000, 0x0000000705800000, 0x0000000705a00000|  0%| F|  |TAMS 0x0000000705800000| PB 0x0000000705800000| Untracked 
|  18|0x0000000705a00000, 0x0000000705a00000, 0x0000000705c00000|  0%| F|  |TAMS 0x0000000705a00000| PB 0x0000000705a00000| Untracked 
|  19|0x0000000705c00000, 0x0000000705c00000, 0x0000000705e00000|  0%| F|  |TAMS 0x0000000705c00000| PB 0x0000000705c00000| Untracked 
|  20|0x0000000705e00000, 0x0000000705e00000, 0x0000000706000000|  0%| F|  |TAMS 0x0000000705e00000| PB 0x0000000705e00000| Untracked 
|  21|0x0000000706000000, 0x0000000706000000, 0x0000000706200000|  0%| F|  |TAMS 0x0000000706000000| PB 0x0000000706000000| Untracked 
|  22|0x0000000706200000, 0x0000000706200000, 0x0000000706400000|  0%| F|  |TAMS 0x0000000706200000| PB 0x0000000706200000| Untracked 
|  23|0x0000000706400000, 0x0000000706400000, 0x0000000706600000|  0%| F|  |TAMS 0x0000000706400000| PB 0x0000000706400000| Untracked 
|  24|0x0000000706600000, 0x0000000706600000, 0x0000000706800000|  0%| F|  |TAMS 0x0000000706600000| PB 0x0000000706600000| Untracked 
|  25|0x0000000706800000, 0x0000000706800000, 0x0000000706a00000|  0%| F|  |TAMS 0x0000000706800000| PB 0x0000000706800000| Untracked 
|  26|0x0000000706a00000, 0x0000000706a00000, 0x0000000706c00000|  0%| F|  |TAMS 0x0000000706a00000| PB 0x0000000706a00000| Untracked 
|  27|0x0000000706c00000, 0x0000000706c00000, 0x0000000706e00000|  0%| F|  |TAMS 0x0000000706c00000| PB 0x0000000706c00000| Untracked 
|  28|0x0000000706e00000, 0x0000000706e00000, 0x0000000707000000|  0%| F|  |TAMS 0x0000000706e00000| PB 0x0000000706e00000| Untracked 
|  29|0x0000000707000000, 0x0000000707000000, 0x0000000707200000|  0%| F|  |TAMS 0x0000000707000000| PB 0x0000000707000000| Untracked 
|  30|0x0000000707200000, 0x0000000707200000, 0x0000000707400000|  0%| F|  |TAMS 0x0000000707200000| PB 0x0000000707200000| Untracked 
|  31|0x0000000707400000, 0x0000000707400000, 0x0000000707600000|  0%| F|  |TAMS 0x0000000707400000| PB 0x0000000707400000| Untracked 
|  32|0x0000000707600000, 0x0000000707600000, 0x0000000707800000|  0%| F|  |TAMS 0x0000000707600000| PB 0x0000000707600000| Untracked 
|  33|0x0000000707800000, 0x0000000707800000, 0x0000000707a00000|  0%| F|  |TAMS 0x0000000707800000| PB 0x0000000707800000| Untracked 
|  34|0x0000000707a00000, 0x0000000707a00000, 0x0000000707c00000|  0%| F|  |TAMS 0x0000000707a00000| PB 0x0000000707a00000| Untracked 
|  35|0x0000000707c00000, 0x0000000707c00000, 0x0000000707e00000|  0%| F|  |TAMS 0x0000000707c00000| PB 0x0000000707c00000| Untracked 
|  36|0x0000000707e00000, 0x0000000707e00000, 0x0000000708000000|  0%| F|  |TAMS 0x0000000707e00000| PB 0x0000000707e00000| Untracked 
|  37|0x0000000708000000, 0x0000000708000000, 0x0000000708200000|  0%| F|  |TAMS 0x0000000708000000| PB 0x0000000708000000| Untracked 
|  38|0x0000000708200000, 0x0000000708200000, 0x0000000708400000|  0%| F|  |TAMS 0x0000000708200000| PB 0x0000000708200000| Untracked 
|  39|0x0000000708400000, 0x0000000708400000, 0x0000000708600000|  0%| F|  |TAMS 0x0000000708400000| PB 0x0000000708400000| Untracked 
|  40|0x0000000708600000, 0x0000000708600000, 0x0000000708800000|  0%| F|  |TAMS 0x0000000708600000| PB 0x0000000708600000| Untracked 
|  41|0x0000000708800000, 0x0000000708800000, 0x0000000708a00000|  0%| F|  |TAMS 0x0000000708800000| PB 0x0000000708800000| Untracked 
|  42|0x0000000708a00000, 0x0000000708a00000, 0x0000000708c00000|  0%| F|  |TAMS 0x0000000708a00000| PB 0x0000000708a00000| Untracked 
|  43|0x0000000708c00000, 0x0000000708c00000, 0x0000000708e00000|  0%| F|  |TAMS 0x0000000708c00000| PB 0x0000000708c00000| Untracked 
|  44|0x0000000708e00000, 0x0000000708e00000, 0x0000000709000000|  0%| F|  |TAMS 0x0000000708e00000| PB 0x0000000708e00000| Untracked 
|  45|0x0000000709000000, 0x0000000709000000, 0x0000000709200000|  0%| F|  |TAMS 0x0000000709000000| PB 0x0000000709000000| Untracked 
|  46|0x0000000709200000, 0x0000000709200000, 0x0000000709400000|  0%| F|  |TAMS 0x0000000709200000| PB 0x0000000709200000| Untracked 
|  47|0x0000000709400000, 0x0000000709400000, 0x0000000709600000|  0%| F|  |TAMS 0x0000000709400000| PB 0x0000000709400000| Untracked 
|  48|0x0000000709600000, 0x0000000709600000, 0x0000000709800000|  0%| F|  |TAMS 0x0000000709600000| PB 0x0000000709600000| Untracked 
|  49|0x0000000709800000, 0x0000000709800000, 0x0000000709a00000|  0%| F|  |TAMS 0x0000000709800000| PB 0x0000000709800000| Untracked 
|  50|0x0000000709a00000, 0x0000000709a00000, 0x0000000709c00000|  0%| F|  |TAMS 0x0000000709a00000| PB 0x0000000709a00000| Untracked 
|  51|0x0000000709c00000, 0x0000000709c00000, 0x0000000709e00000|  0%| F|  |TAMS 0x0000000709c00000| PB 0x0000000709c00000| Untracked 
|  52|0x0000000709e00000, 0x0000000709e00000, 0x000000070a000000|  0%| F|  |TAMS 0x0000000709e00000| PB 0x0000000709e00000| Untracked 
|  53|0x000000070a000000, 0x000000070a000000, 0x000000070a200000|  0%| F|  |TAMS 0x000000070a000000| PB 0x000000070a000000| Untracked 
|  54|0x000000070a200000, 0x000000070a200000, 0x000000070a400000|  0%| F|  |TAMS 0x000000070a200000| PB 0x000000070a200000| Untracked 
|  55|0x000000070a400000, 0x000000070a400000, 0x000000070a600000|  0%| F|  |TAMS 0x000000070a400000| PB 0x000000070a400000| Untracked 
|  56|0x000000070a600000, 0x000000070a600000, 0x000000070a800000|  0%| F|  |TAMS 0x000000070a600000| PB 0x000000070a600000| Untracked 
|  57|0x000000070a800000, 0x000000070a800000, 0x000000070aa00000|  0%| F|  |TAMS 0x000000070a800000| PB 0x000000070a800000| Untracked 
|  58|0x000000070aa00000, 0x000000070aa00000, 0x000000070ac00000|  0%| F|  |TAMS 0x000000070aa00000| PB 0x000000070aa00000| Untracked 
|  59|0x000000070ac00000, 0x000000070ac00000, 0x000000070ae00000|  0%| F|  |TAMS 0x000000070ac00000| PB 0x000000070ac00000| Untracked 
|  60|0x000000070ae00000, 0x000000070ae00000, 0x000000070b000000|  0%| F|  |TAMS 0x000000070ae00000| PB 0x000000070ae00000| Untracked 
|  61|0x000000070b000000, 0x000000070b000000, 0x000000070b200000|  0%| F|  |TAMS 0x000000070b000000| PB 0x000000070b000000| Untracked 
|  62|0x000000070b200000, 0x000000070b200000, 0x000000070b400000|  0%| F|  |TAMS 0x000000070b200000| PB 0x000000070b200000| Untracked 
|  63|0x000000070b400000, 0x000000070b400000, 0x000000070b600000|  0%| F|  |TAMS 0x000000070b400000| PB 0x000000070b400000| Untracked 
|  64|0x000000070b600000, 0x000000070b600000, 0x000000070b800000|  0%| F|  |TAMS 0x000000070b600000| PB 0x000000070b600000| Untracked 
|  65|0x000000070b800000, 0x000000070b800000, 0x000000070ba00000|  0%| F|  |TAMS 0x000000070b800000| PB 0x000000070b800000| Untracked 
|  66|0x000000070ba00000, 0x000000070ba00000, 0x000000070bc00000|  0%| F|  |TAMS 0x000000070ba00000| PB 0x000000070ba00000| Untracked 
|  67|0x000000070bc00000, 0x000000070bc00000, 0x000000070be00000|  0%| F|  |TAMS 0x000000070bc00000| PB 0x000000070bc00000| Untracked 
|  68|0x000000070be00000, 0x000000070be00000, 0x000000070c000000|  0%| F|  |TAMS 0x000000070be00000| PB 0x000000070be00000| Untracked 
|  69|0x000000070c000000, 0x000000070c000000, 0x000000070c200000|  0%| F|  |TAMS 0x000000070c000000| PB 0x000000070c000000| Untracked 
|  70|0x000000070c200000, 0x000000070c200000, 0x000000070c400000|  0%| F|  |TAMS 0x000000070c200000| PB 0x000000070c200000| Untracked 
|  71|0x000000070c400000, 0x000000070c400000, 0x000000070c600000|  0%| F|  |TAMS 0x000000070c400000| PB 0x000000070c400000| Untracked 
|  72|0x000000070c600000, 0x000000070c600000, 0x000000070c800000|  0%| F|  |TAMS 0x000000070c600000| PB 0x000000070c600000| Untracked 
|  73|0x000000070c800000, 0x000000070c800000, 0x000000070ca00000|  0%| F|  |TAMS 0x000000070c800000| PB 0x000000070c800000| Untracked 
|  74|0x000000070ca00000, 0x000000070ca00000, 0x000000070cc00000|  0%| F|  |TAMS 0x000000070ca00000| PB 0x000000070ca00000| Untracked 
|  75|0x000000070cc00000, 0x000000070cc00000, 0x000000070ce00000|  0%| F|  |TAMS 0x000000070cc00000| PB 0x000000070cc00000| Untracked 
|  76|0x000000070ce00000, 0x000000070ce00000, 0x000000070d000000|  0%| F|  |TAMS 0x000000070ce00000| PB 0x000000070ce00000| Untracked 
|  77|0x000000070d000000, 0x000000070d000000, 0x000000070d200000|  0%| F|  |TAMS 0x000000070d000000| PB 0x000000070d000000| Untracked 
|  78|0x000000070d200000, 0x000000070d200000, 0x000000070d400000|  0%| F|  |TAMS 0x000000070d200000| PB 0x000000070d200000| Untracked 
|  79|0x000000070d400000, 0x000000070d400000, 0x000000070d600000|  0%| F|  |TAMS 0x000000070d400000| PB 0x000000070d400000| Untracked 
|  80|0x000000070d600000, 0x000000070d600000, 0x000000070d800000|  0%| F|  |TAMS 0x000000070d600000| PB 0x000000070d600000| Untracked 
|  81|0x000000070d800000, 0x000000070d800000, 0x000000070da00000|  0%| F|  |TAMS 0x000000070d800000| PB 0x000000070d800000| Untracked 
|  82|0x000000070da00000, 0x000000070da00000, 0x000000070dc00000|  0%| F|  |TAMS 0x000000070da00000| PB 0x000000070da00000| Untracked 
|  83|0x000000070dc00000, 0x000000070dc00000, 0x000000070de00000|  0%| F|  |TAMS 0x000000070dc00000| PB 0x000000070dc00000| Untracked 
|  84|0x000000070de00000, 0x000000070de00000, 0x000000070e000000|  0%| F|  |TAMS 0x000000070de00000| PB 0x000000070de00000| Untracked 
|  85|0x000000070e000000, 0x000000070e000000, 0x000000070e200000|  0%| F|  |TAMS 0x000000070e000000| PB 0x000000070e000000| Untracked 
|  86|0x000000070e200000, 0x000000070e200000, 0x000000070e400000|  0%| F|  |TAMS 0x000000070e200000| PB 0x000000070e200000| Untracked 
|  87|0x000000070e400000, 0x000000070e400000, 0x000000070e600000|  0%| F|  |TAMS 0x000000070e400000| PB 0x000000070e400000| Untracked 
|  88|0x000000070e600000, 0x000000070e600000, 0x000000070e800000|  0%| F|  |TAMS 0x000000070e600000| PB 0x000000070e600000| Untracked 
|  89|0x000000070e800000, 0x000000070e800000, 0x000000070ea00000|  0%| F|  |TAMS 0x000000070e800000| PB 0x000000070e800000| Untracked 
|  90|0x000000070ea00000, 0x000000070ea00000, 0x000000070ec00000|  0%| F|  |TAMS 0x000000070ea00000| PB 0x000000070ea00000| Untracked 
|  91|0x000000070ec00000, 0x000000070ec00000, 0x000000070ee00000|  0%| F|  |TAMS 0x000000070ec00000| PB 0x000000070ec00000| Untracked 
|  92|0x000000070ee00000, 0x000000070ee00000, 0x000000070f000000|  0%| F|  |TAMS 0x000000070ee00000| PB 0x000000070ee00000| Untracked 
|  93|0x000000070f000000, 0x000000070f000000, 0x000000070f200000|  0%| F|  |TAMS 0x000000070f000000| PB 0x000000070f000000| Untracked 
|  94|0x000000070f200000, 0x000000070f200000, 0x000000070f400000|  0%| F|  |TAMS 0x000000070f200000| PB 0x000000070f200000| Untracked 
|  95|0x000000070f400000, 0x000000070f400000, 0x000000070f600000|  0%| F|  |TAMS 0x000000070f400000| PB 0x000000070f400000| Untracked 
|  96|0x000000070f600000, 0x000000070f600000, 0x000000070f800000|  0%| F|  |TAMS 0x000000070f600000| PB 0x000000070f600000| Untracked 
|  97|0x000000070f800000, 0x000000070f800000, 0x000000070fa00000|  0%| F|  |TAMS 0x000000070f800000| PB 0x000000070f800000| Untracked 
|  98|0x000000070fa00000, 0x000000070fa00000, 0x000000070fc00000|  0%| F|  |TAMS 0x000000070fa00000| PB 0x000000070fa00000| Untracked 
|  99|0x000000070fc00000, 0x000000070fc00000, 0x000000070fe00000|  0%| F|  |TAMS 0x000000070fc00000| PB 0x000000070fc00000| Untracked 
| 100|0x000000070fe00000, 0x000000070fe00000, 0x0000000710000000|  0%| F|  |TAMS 0x000000070fe00000| PB 0x000000070fe00000| Untracked 
| 101|0x0000000710000000, 0x0000000710000000, 0x0000000710200000|  0%| F|  |TAMS 0x0000000710000000| PB 0x0000000710000000| Untracked 
| 102|0x0000000710200000, 0x0000000710200000, 0x0000000710400000|  0%| F|  |TAMS 0x0000000710200000| PB 0x0000000710200000| Untracked 
| 103|0x0000000710400000, 0x0000000710600000, 0x0000000710600000|100%| S|CS|TAMS 0x0000000710400000| PB 0x0000000710400000| Complete 
| 104|0x0000000710600000, 0x0000000710800000, 0x0000000710800000|100%| S|CS|TAMS 0x0000000710600000| PB 0x0000000710600000| Complete 
| 105|0x0000000710800000, 0x0000000710a00000, 0x0000000710a00000|100%| S|CS|TAMS 0x0000000710800000| PB 0x0000000710800000| Complete 
| 106|0x0000000710a00000, 0x0000000710a00000, 0x0000000710c00000|  0%| F|  |TAMS 0x0000000710a00000| PB 0x0000000710a00000| Untracked 
| 107|0x0000000710c00000, 0x0000000710c00000, 0x0000000710e00000|  0%| F|  |TAMS 0x0000000710c00000| PB 0x0000000710c00000| Untracked 
| 108|0x0000000710e00000, 0x0000000710e00000, 0x0000000711000000|  0%| F|  |TAMS 0x0000000710e00000| PB 0x0000000710e00000| Untracked 
| 109|0x0000000711000000, 0x0000000711000000, 0x0000000711200000|  0%| F|  |TAMS 0x0000000711000000| PB 0x0000000711000000| Untracked 
| 110|0x0000000711200000, 0x0000000711200000, 0x0000000711400000|  0%| F|  |TAMS 0x0000000711200000| PB 0x0000000711200000| Untracked 
| 111|0x0000000711400000, 0x0000000711400000, 0x0000000711600000|  0%| F|  |TAMS 0x0000000711400000| PB 0x0000000711400000| Untracked 
| 112|0x0000000711600000, 0x0000000711600000, 0x0000000711800000|  0%| F|  |TAMS 0x0000000711600000| PB 0x0000000711600000| Untracked 
| 113|0x0000000711800000, 0x0000000711976490, 0x0000000711a00000| 73%| E|  |TAMS 0x0000000711800000| PB 0x0000000711800000| Complete 
| 114|0x0000000711a00000, 0x0000000711c00000, 0x0000000711c00000|100%| E|CS|TAMS 0x0000000711a00000| PB 0x0000000711a00000| Complete 
| 115|0x0000000711c00000, 0x0000000711e00000, 0x0000000711e00000|100%| E|CS|TAMS 0x0000000711c00000| PB 0x0000000711c00000| Complete 
| 116|0x0000000711e00000, 0x0000000712000000, 0x0000000712000000|100%| E|CS|TAMS 0x0000000711e00000| PB 0x0000000711e00000| Complete 
| 117|0x0000000712000000, 0x0000000712200000, 0x0000000712200000|100%| E|CS|TAMS 0x0000000712000000| PB 0x0000000712000000| Complete 
| 118|0x0000000712200000, 0x0000000712400000, 0x0000000712400000|100%| E|CS|TAMS 0x0000000712200000| PB 0x0000000712200000| Complete 
| 119|0x0000000712400000, 0x0000000712600000, 0x0000000712600000|100%| E|CS|TAMS 0x0000000712400000| PB 0x0000000712400000| Complete 
| 120|0x0000000712600000, 0x0000000712800000, 0x0000000712800000|100%| E|CS|TAMS 0x0000000712600000| PB 0x0000000712600000| Complete 
| 121|0x0000000712800000, 0x0000000712a00000, 0x0000000712a00000|100%| E|CS|TAMS 0x0000000712800000| PB 0x0000000712800000| Complete 
| 122|0x0000000712a00000, 0x0000000712c00000, 0x0000000712c00000|100%| E|CS|TAMS 0x0000000712a00000| PB 0x0000000712a00000| Complete 
| 123|0x0000000712c00000, 0x0000000712e00000, 0x0000000712e00000|100%| E|CS|TAMS 0x0000000712c00000| PB 0x0000000712c00000| Complete 
| 124|0x0000000712e00000, 0x0000000713000000, 0x0000000713000000|100%| E|CS|TAMS 0x0000000712e00000| PB 0x0000000712e00000| Complete 
| 125|0x0000000713000000, 0x0000000713200000, 0x0000000713200000|100%| E|CS|TAMS 0x0000000713000000| PB 0x0000000713000000| Complete 
| 126|0x0000000713200000, 0x0000000713400000, 0x0000000713400000|100%| E|CS|TAMS 0x0000000713200000| PB 0x0000000713200000| Complete 

Card table byte_map: [0x0000028a74840000,0x0000028a75030000] _byte_map_base: 0x0000028a71025000

Marking Bits: (CMBitMap*) 0x0000028a5c925a50
 Bits: [0x0000028a75030000, 0x0000028a78f58000)

Polling page: 0x0000028a5a860000

Metaspace:

Usage:
  Non-class:     14.80 MB used.
      Class:      2.69 MB used.
       Both:     17.49 MB used.

Virtual space:
  Non-class space:       64.00 MB reserved,      15.00 MB ( 23%) committed,  1 nodes.
      Class space:        1.00 GB reserved,       2.81 MB ( <1%) committed,  1 nodes.
             Both:        1.06 GB reserved,      17.81 MB (  2%) committed. 

Chunk freelists:
   Non-Class:  304.00 KB
       Class:  13.12 MB
        Both:  13.42 MB

MaxMetaspaceSize: unlimited
CompressedClassSpaceSize: 1.00 GB
Initial GC threshold: 21.00 MB
Current GC threshold: 21.00 MB
CDS: on
 - commit_granule_bytes: 65536.
 - commit_granule_words: 8192.
 - virtual_space_node_default_size: 8388608.
 - enlarge_chunks_in_place: 1.
 - use_allocation_guard: 0.


Internal statistics:

num_allocs_failed_limit: 0.
num_arena_births: 336.
num_arena_deaths: 0.
num_vsnodes_births: 2.
num_vsnodes_deaths: 0.
num_space_committed: 285.
num_space_uncommitted: 0.
num_chunks_returned_to_freelist: 0.
num_chunks_taken_from_freelist: 915.
num_chunk_merges: 0.
num_chunk_splits: 631.
num_chunks_enlarged: 487.
num_inconsistent_stats: 0.

CodeHeap 'non-profiled nmethods': size=120000Kb used=1144Kb max_used=1144Kb free=118855Kb
 bounds [0x0000028a6c7e0000, 0x0000028a6ca50000, 0x0000028a73d10000]
CodeHeap 'profiled nmethods': size=120000Kb used=5483Kb max_used=5483Kb free=114516Kb
 bounds [0x0000028a64d10000, 0x0000028a65270000, 0x0000028a6c240000]
CodeHeap 'non-nmethods': size=5760Kb used=2029Kb max_used=2049Kb free=3730Kb
 bounds [0x0000028a6c240000, 0x0000028a6c4b0000, 0x0000028a6c7e0000]
 total_blobs=3692 nmethods=2881 adapters=714
 compilation: enabled
              stopped_count=0, restarted_count=0
 full_count=0

Compilation events (20 events):
Event: 11.732 Thread 0x0000028a7b9bba30 2874       3       javafx.scene.Scene::pick (149 bytes)
Event: 11.734 Thread 0x0000028a7b9bba30 nmethod 2874 0x0000028a6525e610 code [0x0000028a6525e940, 0x0000028a6525fcb8]
Event: 11.735 Thread 0x0000028a7b9bba30 2875       3       javafx.scene.ParallelCamera::computePickRay (24 bytes)
Event: 11.737 Thread 0x0000028a7b9bba30 nmethod 2875 0x0000028a65260490 code [0x0000028a652607a0, 0x0000028a65261de0]
Event: 11.737 Thread 0x0000028a7b9bba30 2876       3       com.sun.javafx.geom.transform.AffineBase::deltaTransform (204 bytes)
Event: 11.738 Thread 0x0000028a7b9bba30 nmethod 2876 0x0000028a65262510 code [0x0000028a65262700, 0x0000028a65262d28]
Event: 11.754 Thread 0x0000028a7b9bba30 2877       3       javafx.scene.Scene$MouseHandler::process (793 bytes)
Event: 11.760 Thread 0x0000028a7b9bba30 nmethod 2877 0x0000028a65262f90 code [0x0000028a652635c0, 0x0000028a65266ef8]
Event: 11.781 Thread 0x0000028a7b9bba30 2878       3       java.lang.Math::toRadians (6 bytes)
Event: 11.781 Thread 0x0000028a7b9bba30 nmethod 2878 0x0000028a65267e10 code [0x0000028a65267fc0, 0x0000028a652680b8]
Event: 12.010 Thread 0x0000028a7b9bba30 2879       3       com.sun.glass.ui.View::notifyMouse (221 bytes)
Event: 12.012 Thread 0x0000028a7b9bba30 nmethod 2879 0x0000028a65268190 code [0x0000028a652684a0, 0x0000028a65269928]
Event: 12.012 Thread 0x0000028a7b9bba30 2880       3       com.sun.glass.ui.Window::handleMouseEvent (26 bytes)
Event: 12.013 Thread 0x0000028a7b9bba30 nmethod 2880 0x0000028a65269f90 code [0x0000028a6526a140, 0x0000028a6526a2f8]
Event: 12.013 Thread 0x0000028a7b9bba30 2881       3       com.sun.javafx.tk.quantum.GlassViewEventHandler::mouseEventType (102 bytes)
Event: 12.013 Thread 0x0000028a7b9bba30 nmethod 2881 0x0000028a6526a390 code [0x0000028a6526a580, 0x0000028a6526a9b8]
Event: 12.039 Thread 0x0000028a7b992ae0 2882       4       javafx.scene.Node::updateLocalToParentTransform (442 bytes)
Event: 12.049 Thread 0x0000028a7b992ae0 nmethod 2882 0x0000028a6c8fd290 code [0x0000028a6c8fd540, 0x0000028a6c8fdd00]
Event: 14.061 Thread 0x0000028a7b9bba30 2883       3       com.sun.javafx.tk.quantum.QuantumRenderer::checkRendererIdle (153 bytes)
Event: 14.061 Thread 0x0000028a7b9bba30 nmethod 2883 0x0000028a6526aa90 code [0x0000028a6526ac20, 0x0000028a6526ad40]

GC Heap History (4 events):
Event: 0.746 GC heap before
{Heap before GC invocations=0 (full 0):
 garbage-first heap   total 260096K, used 22528K [0x0000000703600000, 0x0000000800000000)
  region size 2048K, 11 young (22528K), 0 survivors (0K)
 Metaspace       used 4494K, committed 4672K, reserved 1114112K
  class space    used 500K, committed 576K, reserved 1048576K
}
Event: 0.751 GC heap after
{Heap after GC invocations=1 (full 0):
 garbage-first heap   total 260096K, used 2730K [0x0000000703600000, 0x0000000800000000)
  region size 2048K, 2 young (4096K), 2 survivors (4096K)
 Metaspace       used 4494K, committed 4672K, reserved 1114112K
  class space    used 500K, committed 576K, reserved 1048576K
}
Event: 1.483 GC heap before
{Heap before GC invocations=1 (full 0):
 garbage-first heap   total 260096K, used 39594K [0x0000000703600000, 0x0000000800000000)
  region size 2048K, 21 young (43008K), 2 survivors (4096K)
 Metaspace       used 13085K, committed 13440K, reserved 1114112K
  class space    used 1908K, committed 2048K, reserved 1048576K
}
Event: 1.488 GC heap after
{Heap after GC invocations=2 (full 0):
 garbage-first heap   total 260096K, used 6752K [0x0000000703600000, 0x0000000800000000)
  region size 2048K, 3 young (6144K), 3 survivors (6144K)
 Metaspace       used 13085K, committed 13440K, reserved 1114112K
  class space    used 1908K, committed 2048K, reserved 1048576K
}

Dll operation events (20 events):
Event: 0.471 Loaded shared library C:\Users\Admin\.openjfx\cache\21-ea+5\amd64\api-ms-win-crt-locale-l1-1-0.dll
Event: 0.475 Loaded shared library C:\Users\Admin\.openjfx\cache\21-ea+5\amd64\api-ms-win-crt-math-l1-1-0.dll
Event: 0.478 Loaded shared library C:\Users\Admin\.openjfx\cache\21-ea+5\amd64\api-ms-win-crt-multibyte-l1-1-0.dll
Event: 0.483 Loaded shared library C:\Users\Admin\.openjfx\cache\21-ea+5\amd64\api-ms-win-crt-private-l1-1-0.dll
Event: 0.486 Loaded shared library C:\Users\Admin\.openjfx\cache\21-ea+5\amd64\api-ms-win-crt-process-l1-1-0.dll
Event: 0.489 Loaded shared library C:\Users\Admin\.openjfx\cache\21-ea+5\amd64\api-ms-win-crt-runtime-l1-1-0.dll
Event: 0.493 Loaded shared library C:\Users\Admin\.openjfx\cache\21-ea+5\amd64\api-ms-win-crt-stdio-l1-1-0.dll
Event: 0.497 Loaded shared library C:\Users\Admin\.openjfx\cache\21-ea+5\amd64\api-ms-win-crt-string-l1-1-0.dll
Event: 0.500 Loaded shared library C:\Users\Admin\.openjfx\cache\21-ea+5\amd64\api-ms-win-crt-time-l1-1-0.dll
Event: 0.503 Loaded shared library C:\Users\Admin\.openjfx\cache\21-ea+5\amd64\api-ms-win-crt-utility-l1-1-0.dll
Event: 0.520 Loaded shared library C:\Users\Admin\.openjfx\cache\21-ea+5\amd64\ucrtbase.dll
Event: 0.525 Loaded shared library C:\Users\Admin\.openjfx\cache\21-ea+5\amd64\vcruntime140.dll
Event: 0.529 Loaded shared library C:\Users\Admin\.openjfx\cache\21-ea+5\amd64\vcruntime140_1.dll
Event: 0.539 Loaded shared library C:\Users\Admin\.openjfx\cache\21-ea+5\amd64\msvcp140.dll
Event: 0.542 Loaded shared library C:\Users\Admin\.openjfx\cache\21-ea+5\amd64\msvcp140_1.dll
Event: 0.547 Loaded shared library C:\Users\Admin\.openjfx\cache\21-ea+5\amd64\msvcp140_2.dll
Event: 0.595 Loaded shared library C:\Users\Admin\.openjfx\cache\21-ea+5\amd64\prism_d3d.dll
Event: 0.647 Loaded shared library C:\Users\Admin\.openjfx\cache\21-ea+5\amd64\glass.dll
Event: 0.776 Loaded shared library C:\Users\Admin\.jdks\openjdk-21.0.1\bin\jimage.dll
Event: 0.940 Loaded shared library C:\Users\Admin\.openjfx\cache\21-ea+5\amd64\javafx_font.dll

Deoptimization events (20 events):
Event: 6.221 Thread 0x0000028a46cbb580 Uncommon trap: trap_request=0xffffffde fr.pc=0x0000028a6c8d84f8 relative=0x0000000000000878
Event: 6.221 Thread 0x0000028a46cbb580 Uncommon trap: reason=class_check action=maybe_recompile pc=0x0000028a6c8d84f8 method=javafx.scene.CssStyleHelper.getStyle(Ljavafx/css/Styleable;Ljava/lang/String;Lcom/sun/javafx/css/StyleMap;Ljava/util/Set;)Lcom/sun/javafx/css/CascadingStyle; @ 140 c2
Event: 6.221 Thread 0x0000028a46cbb580 DEOPT PACKING pc=0x0000028a6c8d84f8 sp=0x000000b8060f7240
Event: 6.221 Thread 0x0000028a46cbb580 DEOPT UNPACKING pc=0x0000028a6c297da2 sp=0x000000b8060f71a0 mode 2
Event: 6.261 Thread 0x0000028a46cbb580 Uncommon trap: trap_request=0xffffffde fr.pc=0x0000028a6c8e44e4 relative=0x00000000000032a4
Event: 6.261 Thread 0x0000028a46cbb580 Uncommon trap: reason=class_check action=maybe_recompile pc=0x0000028a6c8e44e4 method=com.sun.javafx.css.StyleMap.getCascadingStyles()Ljava/util/Map; @ 77 c2
Event: 6.261 Thread 0x0000028a46cbb580 DEOPT PACKING pc=0x0000028a6c8e44e4 sp=0x000000b8060f6970
Event: 6.261 Thread 0x0000028a46cbb580 DEOPT UNPACKING pc=0x0000028a6c297da2 sp=0x000000b8060f6950 mode 2
Event: 6.261 Thread 0x0000028a46cbb580 Uncommon trap: trap_request=0xffffffde fr.pc=0x0000028a6c8e44e4 relative=0x00000000000032a4
Event: 6.261 Thread 0x0000028a46cbb580 Uncommon trap: reason=class_check action=maybe_recompile pc=0x0000028a6c8e44e4 method=com.sun.javafx.css.StyleMap.getCascadingStyles()Ljava/util/Map; @ 77 c2
Event: 6.261 Thread 0x0000028a46cbb580 DEOPT PACKING pc=0x0000028a6c8e44e4 sp=0x000000b8060f67c0
Event: 6.261 Thread 0x0000028a46cbb580 DEOPT UNPACKING pc=0x0000028a6c297da2 sp=0x000000b8060f67a0 mode 2
Event: 6.262 Thread 0x0000028a46cbb580 Uncommon trap: trap_request=0xffffffde fr.pc=0x0000028a6c8e44e4 relative=0x00000000000032a4
Event: 6.262 Thread 0x0000028a46cbb580 Uncommon trap: reason=class_check action=maybe_recompile pc=0x0000028a6c8e44e4 method=com.sun.javafx.css.StyleMap.getCascadingStyles()Ljava/util/Map; @ 77 c2
Event: 6.262 Thread 0x0000028a46cbb580 DEOPT PACKING pc=0x0000028a6c8e44e4 sp=0x000000b8060f6970
Event: 6.262 Thread 0x0000028a46cbb580 DEOPT UNPACKING pc=0x0000028a6c297da2 sp=0x000000b8060f6950 mode 2
Event: 6.265 Thread 0x0000028a46cbb580 Uncommon trap: trap_request=0xffffffde fr.pc=0x0000028a6c8e44e4 relative=0x00000000000032a4
Event: 6.265 Thread 0x0000028a46cbb580 Uncommon trap: reason=class_check action=maybe_recompile pc=0x0000028a6c8e44e4 method=com.sun.javafx.css.StyleMap.getCascadingStyles()Ljava/util/Map; @ 77 c2
Event: 6.265 Thread 0x0000028a46cbb580 DEOPT PACKING pc=0x0000028a6c8e44e4 sp=0x000000b8060f6d40
Event: 6.265 Thread 0x0000028a46cbb580 DEOPT UNPACKING pc=0x0000028a6c297da2 sp=0x000000b8060f6d20 mode 2

Classes loaded (20 events):
Event: 2.623 Loading class java/io/UnsupportedEncodingException
Event: 2.623 Loading class java/io/UnsupportedEncodingException done
Event: 6.160 Loading class java/util/BitSet
Event: 6.161 Loading class java/util/BitSet done
Event: 6.170 Loading class sun/reflect/generics/tree/BottomSignature
Event: 6.170 Loading class sun/reflect/generics/tree/BottomSignature done
Event: 6.170 Loading class sun/reflect/generics/tree/Wildcard
Event: 6.171 Loading class sun/reflect/generics/tree/Wildcard done
Event: 6.171 Loading class sun/reflect/generics/reflectiveObjects/WildcardTypeImpl
Event: 6.171 Loading class java/lang/reflect/WildcardType
Event: 6.171 Loading class java/lang/reflect/WildcardType done
Event: 6.171 Loading class sun/reflect/generics/reflectiveObjects/WildcardTypeImpl done
Event: 6.212 Loading class java/util/BitSet$1BitSetSpliterator
Event: 6.212 Loading class java/util/BitSet$1BitSetSpliterator done
Event: 6.213 Loading class java/util/stream/IntPipeline$1
Event: 6.213 Loading class java/util/stream/IntPipeline$1 done
Event: 6.213 Loading class java/util/stream/IntPipeline$1$1
Event: 6.213 Loading class java/util/stream/IntPipeline$1$1 done
Event: 16.851 Loading class jdk/internal/misc/Signal$1
Event: 16.851 Loading class jdk/internal/misc/Signal$1 done

Classes unloaded (0 events):
No events

Classes redefined (0 events):
No events

Internal exceptions (20 events):
Event: 1.180 Thread 0x0000028a46cbb580 Exception <a 'java/lang/NoSuchMethodError'{0x0000000711823e58}: 'void java.lang.invoke.DirectMethodHandle$Holder.invokeSpecial(java.lang.Object, java.lang.Object, int)'> (0x0000000711823e58) 
thrown [s\open\src\hotspot\share\interpreter\linkResolver.cpp, line 773]
Event: 1.181 Thread 0x0000028a46cbb580 Exception <a 'java/lang/NoSuchMethodError'{0x0000000711828090}: 'int java.lang.invoke.DirectMethodHandle$Holder.invokeSpecial(java.lang.Object, java.lang.Object, java.lang.Object, int)'> (0x0000000711828090) 
thrown [s\open\src\hotspot\share\interpreter\linkResolver.cpp, line 773]
Event: 1.182 Thread 0x0000028a46cbb580 Exception <a 'java/lang/NoSuchMethodError'{0x0000000711832528}: 'void java.lang.invoke.DelegatingMethodHandle$Holder.reinvoke_L(java.lang.Object, java.lang.Object, int)'> (0x0000000711832528) 
thrown [s\open\src\hotspot\share\interpreter\linkResolver.cpp, line 773]
Event: 1.182 Thread 0x0000028a46cbb580 Exception <a 'java/lang/NoSuchMethodError'{0x0000000711835f50}: 'int java.lang.invoke.DirectMethodHandle$Holder.invokeSpecial(java.lang.Object, java.lang.Object, java.lang.Object)'> (0x0000000711835f50) 
thrown [s\open\src\hotspot\share\interpreter\linkResolver.cpp, line 773]
Event: 1.243 Thread 0x0000028a46cbb580 Exception <a 'sun/nio/fs/WindowsException'{0x0000000711768e88}> (0x0000000711768e88) 
thrown [s\open\src\hotspot\share\prims\jni.cpp, line 520]
Event: 1.252 Thread 0x0000028a46cbb580 Implicit null exception at 0x0000028a6c85b8ad to 0x0000028a6c85c3df
Event: 1.284 Thread 0x0000028a46cbb580 Implicit null exception at 0x0000028a6c86293d to 0x0000028a6c862bec
Event: 1.285 Thread 0x0000028a46cbb580 Implicit null exception at 0x0000028a6c8595bd to 0x0000028a6c859868
Event: 1.389 Thread 0x0000028a46cbb580 Exception <a 'java/lang/IncompatibleClassChangeError'{0x0000000710eda8b8}: Found class java.lang.Object, but interface was expected> (0x0000000710eda8b8) 
thrown [s\open\src\hotspot\share\interpreter\linkResolver.cpp, line 840]
Event: 1.441 Thread 0x0000028a46cbb580 Exception <a 'java/lang/ClassNotFoundException'{0x0000000710defa60}: com/sun/javafx/scene/control/skin/resources/controls> (0x0000000710defa60) 
thrown [s\open\src\hotspot\share\prims\jni.cpp, line 539]
Event: 1.442 Thread 0x0000028a46cbb580 Exception <a 'java/lang/ClassNotFoundException'{0x0000000710dfdc60}: com/sun/javafx/scene/control/skin/resources/controls_ru> (0x0000000710dfdc60) 
thrown [s\open\src\hotspot\share\prims\jni.cpp, line 539]
Event: 1.443 Thread 0x0000028a46cbb580 Exception <a 'java/lang/ClassNotFoundException'{0x0000000710dfee50}: com/sun/javafx/scene/control/skin/resources/controls_ru_RU> (0x0000000710dfee50) 
thrown [s\open\src\hotspot\share\prims\jni.cpp, line 539]
Event: 1.476 Thread 0x0000028a46cbb580 Exception <a 'java/lang/NoSuchMethodError'{0x0000000710b98740}: 'void java.lang.invoke.DirectMethodHandle$Holder.invokeSpecial(java.lang.Object, java.lang.Object, java.lang.Object, java.lang.Object, java.lang.Object, java.lang.Object)'> (0x0000000710b98740) 
thrown [s\open\src\hotspot\share\interpreter\linkResolver.cpp, line 773]
Event: 1.549 Thread 0x0000028a46cbb580 Exception <a 'java/lang/NoSuchMethodError'{0x0000000712e71548}: 'int java.lang.invoke.DirectMethodHandle$Holder.invokeSpecial(java.lang.Object, java.lang.Object, int)'> (0x0000000712e71548) 
thrown [s\open\src\hotspot\share\interpreter\linkResolver.cpp, line 773]
Event: 1.561 Thread 0x0000028a46cbb580 Exception <a 'java/lang/NoSuchMethodError'{0x0000000712ea6388}: 'java.lang.Object java.lang.invoke.DirectMethodHandle$Holder.newInvokeSpecial(java.lang.Object, java.lang.Object, int)'> (0x0000000712ea6388) 
thrown [s\open\src\hotspot\share\interpreter\linkResolver.cpp, line 773]
Event: 1.618 Thread 0x0000028a452f6b60 Exception <a 'java/lang/NoSuchMethodError'{0x0000000712fd6ce0}: 'int java.lang.invoke.DirectMethodHandle$Holder.invokeStaticInit(java.lang.Object, java.lang.Object)'> (0x0000000712fd6ce0) 
thrown [s\open\src\hotspot\share\interpreter\linkResolver.cpp, line 773]
Event: 2.642 Thread 0x0000028a46cbb580 Exception <a 'java/lang/NoSuchMethodError'{0x000000071280bb58}: 'long java.lang.invoke.DirectMethodHandle$Holder.invokeStatic(java.lang.Object, java.lang.Object, java.lang.Object)'> (0x000000071280bb58) 
thrown [s\open\src\hotspot\share\interpreter\linkResolver.cpp, line 773]
Event: 2.642 Thread 0x0000028a46cbb580 Exception <a 'java/lang/NoSuchMethodError'{0x000000071280ef28}: 'long java.lang.invoke.DirectMethodHandle$Holder.invokeStaticInit(java.lang.Object, java.lang.Object, java.lang.Object)'> (0x000000071280ef28) 
thrown [s\open\src\hotspot\share\interpreter\linkResolver.cpp, line 773]
Event: 2.645 Thread 0x0000028a46cbb580 Exception <a 'java/lang/NoSuchMethodError'{0x0000000712823520}: 'java.lang.Object java.lang.invoke.DirectMethodHandle$Holder.newInvokeSpecial(java.lang.Object, java.lang.Object, long)'> (0x0000000712823520) 
thrown [s\open\src\hotspot\share\interpreter\linkResolver.cpp, line 773]
Event: 2.645 Thread 0x0000028a46cbb580 Exception <a 'java/lang/NoSuchMethodError'{0x0000000712826e18}: 'java.lang.Object java.lang.invoke.Invokers$Holder.linkToTargetMethod(java.lang.Object, long, java.lang.Object)'> (0x0000000712826e18) 
thrown [s\open\src\hotspot\share\interpreter\linkResolver.cpp, line 773]

ZGC Phase Switch (0 events):
No events

VM Operations (20 events):
Event: 1.087 Executing VM operation: HandshakeAllThreads (Deoptimize) done
Event: 1.211 Executing VM operation: ICBufferFull
Event: 1.211 Executing VM operation: ICBufferFull done
Event: 1.483 Executing VM operation: G1CollectForAllocation (G1 Evacuation Pause)
Event: 1.488 Executing VM operation: G1CollectForAllocation (G1 Evacuation Pause) done
Event: 2.803 Executing VM operation: ICBufferFull
Event: 2.803 Executing VM operation: ICBufferFull done
Event: 3.804 Executing VM operation: Cleanup
Event: 3.804 Executing VM operation: Cleanup done
Event: 5.804 Executing VM operation: Cleanup
Event: 5.805 Executing VM operation: Cleanup done
Event: 6.213 Executing VM operation: HandshakeAllThreads (Deoptimize)
Event: 6.213 Executing VM operation: HandshakeAllThreads (Deoptimize) done
Event: 7.212 Executing VM operation: Cleanup
Event: 7.213 Executing VM operation: Cleanup done
Event: 11.214 Executing VM operation: Cleanup
Event: 11.214 Executing VM operation: Cleanup done
Event: 12.214 Executing VM operation: Cleanup
Event: 12.214 Executing VM operation: Cleanup done
Event: 16.854 Executing VM operation: Exit

Events (20 events):
Event: 0.650 Thread 0x0000028a465daa90 Thread added: 0x0000028a465daa90
Event: 0.653 Thread 0x0000028a46cbb580 Thread added: 0x0000028a46cbb580
Event: 0.688 Thread 0x0000028a452bf860 Thread exited: 0x0000028a452bf860
Event: 0.734 Thread 0x0000028a46bee130 Thread added: 0x0000028a46bee130
Event: 0.740 Thread 0x0000028a46bb7de0 Thread added: 0x0000028a46bb7de0
Event: 0.961 Thread 0x0000028a4614bf80 Thread added: 0x0000028a4614bf80
Event: 0.967 Thread 0x0000028a460ecc40 Thread added: 0x0000028a460ecc40
Event: 1.381 Thread 0x0000028a4bc62d50 Thread added: 0x0000028a4bc62d50
Event: 1.648 Thread 0x0000028a4bc619a0 Thread added: 0x0000028a4bc619a0
Event: 2.075 Thread 0x0000028a460ecc40 Thread exited: 0x0000028a460ecc40
Event: 2.075 Thread 0x0000028a4614bf80 Thread exited: 0x0000028a4614bf80
Event: 2.789 Thread 0x0000028a46c0e0e0 Thread added: 0x0000028a46c0e0e0
Event: 3.087 Thread 0x0000028a46c0e0e0 Thread exited: 0x0000028a46c0e0e0
Event: 6.266 Thread 0x0000028a4bd8f7c0 Thread added: 0x0000028a4bd8f7c0
Event: 11.160 Thread 0x0000028a4bd8f7c0 Thread exited: 0x0000028a4bd8f7c0
Event: 16.851 Thread 0x0000028a4bc62030 Thread added: 0x0000028a4bc62030
Event: 16.852 Thread 0x0000028a4bc60c80 Thread added: 0x0000028a4bc60c80
Event: 16.852 Thread 0x0000028a4bc5ff60 Thread added: 0x0000028a4bc5ff60
Event: 16.853 Thread 0x0000028a4bc5ff60 Thread exited: 0x0000028a4bc5ff60
Event: 16.854 Thread 0x0000028a4bc60c80 Thread exited: 0x0000028a4bc60c80


Dynamic libraries:
0x00007ff719b10000 - 0x00007ff719b1e000 	C:\Users\Admin\.jdks\openjdk-21.0.1\bin\java.exe
0x00007ffdb2590000 - 0x00007ffdb27a7000 	C:\Windows\SYSTEM32\ntdll.dll
0x00007ffdb14e0000 - 0x00007ffdb15a4000 	C:\Windows\System32\KERNEL32.DLL
0x00007ffdafb30000 - 0x00007ffdafed5000 	C:\Windows\System32\KERNELBASE.dll
0x00007ffdb0190000 - 0x00007ffdb02a1000 	C:\Windows\System32\ucrtbase.dll
0x00007ffd9a750000 - 0x00007ffd9a768000 	C:\Users\Admin\.jdks\openjdk-21.0.1\bin\jli.dll
0x00007ffdb0e50000 - 0x00007ffdb0ffe000 	C:\Windows\System32\USER32.dll
0x00007ffdb02b0000 - 0x00007ffdb02d6000 	C:\Windows\System32\win32u.dll
0x00007ffdb1630000 - 0x00007ffdb1659000 	C:\Windows\System32\GDI32.dll
0x00007ffdaf970000 - 0x00007ffdafa89000 	C:\Windows\System32\gdi32full.dll
0x00007ffdafa90000 - 0x00007ffdafb2a000 	C:\Windows\System32\msvcp_win.dll
0x00007ffd9a620000 - 0x00007ffd9a63b000 	C:\Users\Admin\.jdks\openjdk-21.0.1\bin\VCRUNTIME140.dll
0x00007ffd8d130000 - 0x00007ffd8d3c3000 	C:\Windows\WinSxS\amd64_microsoft.windows.common-controls_6595b64144ccf1df_6.0.22621.2506_none_270c5ae97388e100\COMCTL32.dll
0x00007ffdb1660000 - 0x00007ffdb1707000 	C:\Windows\System32\msvcrt.dll
0x00007ffdb18b0000 - 0x00007ffdb18e1000 	C:\Windows\System32\IMM32.DLL
0x00007ffd9c0d0000 - 0x00007ffd9c0dc000 	C:\Users\Admin\.jdks\openjdk-21.0.1\bin\vcruntime140_1.dll
0x00007ffd87600000 - 0x00007ffd8768e000 	C:\Users\Admin\.jdks\openjdk-21.0.1\bin\msvcp140.dll
0x00007ffd322a0000 - 0x00007ffd32fb5000 	C:\Users\Admin\.jdks\openjdk-21.0.1\bin\server\jvm.dll
0x00007ffdb0a40000 - 0x00007ffdb0af1000 	C:\Windows\System32\ADVAPI32.dll
0x00007ffdb1790000 - 0x00007ffdb1836000 	C:\Windows\System32\sechost.dll
0x00007ffdb0d30000 - 0x00007ffdb0e47000 	C:\Windows\System32\RPCRT4.dll
0x00007ffdb1b20000 - 0x00007ffdb1b91000 	C:\Windows\System32\WS2_32.dll
0x00007ffdae790000 - 0x00007ffdae7dd000 	C:\Windows\SYSTEM32\POWRPROF.dll
0x00007ffda7b80000 - 0x00007ffda7bb4000 	C:\Windows\SYSTEM32\WINMM.dll
0x00007ffda81e0000 - 0x00007ffda81ea000 	C:\Windows\SYSTEM32\VERSION.dll
0x00007ffdae760000 - 0x00007ffdae773000 	C:\Windows\SYSTEM32\UMPDC.dll
0x00007ffdae9f0000 - 0x00007ffdaea08000 	C:\Windows\SYSTEM32\kernel.appcore.dll
0x00007ffd9a740000 - 0x00007ffd9a74a000 	C:\Users\Admin\.jdks\openjdk-21.0.1\bin\jimage.dll
0x00007ffda7360000 - 0x00007ffda7593000 	C:\Windows\SYSTEM32\DBGHELP.DLL
0x00007ffdb1150000 - 0x00007ffdb14d9000 	C:\Windows\System32\combase.dll
0x00007ffdb0480000 - 0x00007ffdb0557000 	C:\Windows\System32\OLEAUT32.dll
0x00007ffd93840000 - 0x00007ffd93872000 	C:\Windows\SYSTEM32\dbgcore.DLL
0x00007ffdaffa0000 - 0x00007ffdb001a000 	C:\Windows\System32\bcryptPrimitives.dll
0x00007ffd9a4e0000 - 0x00007ffd9a4ef000 	C:\Users\Admin\.jdks\openjdk-21.0.1\bin\instrument.dll
0x00007ffd9a4f0000 - 0x00007ffd9a50f000 	C:\Users\Admin\.jdks\openjdk-21.0.1\bin\java.dll
0x00007ffdb1cf0000 - 0x00007ffdb2549000 	C:\Windows\System32\SHELL32.dll
0x00007ffdad820000 - 0x00007ffdae114000 	C:\Windows\SYSTEM32\windows.storage.dll
0x00007ffdad6e0000 - 0x00007ffdad81e000 	C:\Windows\SYSTEM32\wintypes.dll
0x00007ffdb0b20000 - 0x00007ffdb0c13000 	C:\Windows\System32\SHCORE.dll
0x00007ffdb09e0000 - 0x00007ffdb0a3e000 	C:\Windows\System32\shlwapi.dll
0x00007ffdaf830000 - 0x00007ffdaf856000 	C:\Windows\SYSTEM32\profapi.dll
0x00007ffd80600000 - 0x00007ffd806d7000 	C:\Users\Admin\.jdks\openjdk-21.0.1\bin\jsvml.dll
0x00007ffd9a480000 - 0x00007ffd9a490000 	C:\Users\Admin\.jdks\openjdk-21.0.1\bin\net.dll
0x00007ffdaaa50000 - 0x00007ffdaab87000 	C:\Windows\SYSTEM32\WINHTTP.dll
0x00007ffdaee70000 - 0x00007ffdaeed9000 	C:\Windows\system32\mswsock.dll
0x00007ffd99a90000 - 0x00007ffd99aa6000 	C:\Users\Admin\.jdks\openjdk-21.0.1\bin\nio.dll
0x00007ffd99270000 - 0x00007ffd99288000 	C:\Users\Admin\.jdks\openjdk-21.0.1\bin\zip.dll
0x00007ffd8fdf0000 - 0x00007ffd8fe0a000 	C:\Program Files\JetBrains\IntelliJ IDEA Community Edition 2023.2\bin\breakgen64.dll
0x0000028a47080000 - 0x0000028a47083000 	C:\Users\Admin\.openjfx\cache\21-ea+5\amd64\api-ms-win-core-console-l1-1-0.dll
0x0000028a47090000 - 0x0000028a47093000 	C:\Users\Admin\.openjfx\cache\21-ea+5\amd64\api-ms-win-core-console-l1-2-0.dll
0x0000028a46d00000 - 0x0000028a46d03000 	C:\Users\Admin\.openjfx\cache\21-ea+5\amd64\api-ms-win-core-datetime-l1-1-0.dll
0x0000028a46d10000 - 0x0000028a46d13000 	C:\Users\Admin\.openjfx\cache\21-ea+5\amd64\api-ms-win-core-debug-l1-1-0.dll
0x0000028a46d20000 - 0x0000028a46d23000 	C:\Users\Admin\.openjfx\cache\21-ea+5\amd64\api-ms-win-core-errorhandling-l1-1-0.dll
0x0000028a46d30000 - 0x0000028a46d34000 	C:\Users\Admin\.openjfx\cache\21-ea+5\amd64\api-ms-win-core-file-l1-1-0.dll
0x0000028a46d40000 - 0x0000028a46d43000 	C:\Users\Admin\.openjfx\cache\21-ea+5\amd64\api-ms-win-core-file-l1-2-0.dll
0x0000028a46d50000 - 0x0000028a46d53000 	C:\Users\Admin\.openjfx\cache\21-ea+5\amd64\api-ms-win-core-file-l2-1-0.dll
0x0000028a46d60000 - 0x0000028a46d63000 	C:\Users\Admin\.openjfx\cache\21-ea+5\amd64\api-ms-win-core-handle-l1-1-0.dll
0x0000028a46d70000 - 0x0000028a46d73000 	C:\Users\Admin\.openjfx\cache\21-ea+5\amd64\api-ms-win-core-heap-l1-1-0.dll
0x0000028a46d80000 - 0x0000028a46d83000 	C:\Users\Admin\.openjfx\cache\21-ea+5\amd64\api-ms-win-core-interlocked-l1-1-0.dll
0x0000028a46d90000 - 0x0000028a46d93000 	C:\Users\Admin\.openjfx\cache\21-ea+5\amd64\api-ms-win-core-libraryloader-l1-1-0.dll
0x0000028a46da0000 - 0x0000028a46da3000 	C:\Users\Admin\.openjfx\cache\21-ea+5\amd64\api-ms-win-core-localization-l1-2-0.dll
0x0000028a46db0000 - 0x0000028a46db3000 	C:\Users\Admin\.openjfx\cache\21-ea+5\amd64\api-ms-win-core-memory-l1-1-0.dll
0x0000028a46dc0000 - 0x0000028a46dc3000 	C:\Users\Admin\.openjfx\cache\21-ea+5\amd64\api-ms-win-core-namedpipe-l1-1-0.dll
0x0000028a47030000 - 0x0000028a47033000 	C:\Users\Admin\.openjfx\cache\21-ea+5\amd64\api-ms-win-core-processenvironment-l1-1-0.dll
0x0000028a47040000 - 0x0000028a47043000 	C:\Users\Admin\.openjfx\cache\21-ea+5\amd64\api-ms-win-core-processthreads-l1-1-0.dll
0x0000028a47050000 - 0x0000028a47053000 	C:\Users\Admin\.openjfx\cache\21-ea+5\amd64\api-ms-win-core-processthreads-l1-1-1.dll
0x0000028a47060000 - 0x0000028a47063000 	C:\Users\Admin\.openjfx\cache\21-ea+5\amd64\api-ms-win-core-profile-l1-1-0.dll
0x0000028a47070000 - 0x0000028a47073000 	C:\Users\Admin\.openjfx\cache\21-ea+5\amd64\api-ms-win-core-rtlsupport-l1-1-0.dll
0x0000028a470a0000 - 0x0000028a470a3000 	C:\Users\Admin\.openjfx\cache\21-ea+5\amd64\api-ms-win-core-string-l1-1-0.dll
0x0000028a470b0000 - 0x0000028a470b3000 	C:\Users\Admin\.openjfx\cache\21-ea+5\amd64\api-ms-win-core-synch-l1-1-0.dll
0x0000028a470c0000 - 0x0000028a470c3000 	C:\Users\Admin\.openjfx\cache\21-ea+5\amd64\api-ms-win-core-synch-l1-2-0.dll
0x0000028a470d0000 - 0x0000028a470d3000 	C:\Users\Admin\.openjfx\cache\21-ea+5\amd64\api-ms-win-core-sysinfo-l1-1-0.dll
0x0000028a470e0000 - 0x0000028a470e3000 	C:\Users\Admin\.openjfx\cache\21-ea+5\amd64\api-ms-win-core-timezone-l1-1-0.dll
0x0000028a470f0000 - 0x0000028a470f3000 	C:\Users\Admin\.openjfx\cache\21-ea+5\amd64\api-ms-win-core-util-l1-1-0.dll
0x0000028a46f00000 - 0x0000028a46f03000 	C:\Users\Admin\.openjfx\cache\21-ea+5\amd64\api-ms-win-crt-conio-l1-1-0.dll
0x0000028a46f10000 - 0x0000028a46f14000 	C:\Users\Admin\.openjfx\cache\21-ea+5\amd64\api-ms-win-crt-convert-l1-1-0.dll
0x0000028a46f20000 - 0x0000028a46f23000 	C:\Users\Admin\.openjfx\cache\21-ea+5\amd64\api-ms-win-crt-environment-l1-1-0.dll
0x0000028a46f30000 - 0x0000028a46f33000 	C:\Users\Admin\.openjfx\cache\21-ea+5\amd64\api-ms-win-crt-filesystem-l1-1-0.dll
0x0000028a46f40000 - 0x0000028a46f43000 	C:\Users\Admin\.openjfx\cache\21-ea+5\amd64\api-ms-win-crt-heap-l1-1-0.dll
0x0000028a46f50000 - 0x0000028a46f53000 	C:\Users\Admin\.openjfx\cache\21-ea+5\amd64\api-ms-win-crt-locale-l1-1-0.dll
0x0000028a46f60000 - 0x0000028a46f65000 	C:\Users\Admin\.openjfx\cache\21-ea+5\amd64\api-ms-win-crt-math-l1-1-0.dll
0x0000028a46f70000 - 0x0000028a46f75000 	C:\Users\Admin\.openjfx\cache\21-ea+5\amd64\api-ms-win-crt-multibyte-l1-1-0.dll
0x0000028a46f80000 - 0x0000028a46f90000 	C:\Users\Admin\.openjfx\cache\21-ea+5\amd64\api-ms-win-crt-private-l1-1-0.dll
0x0000028a46dd0000 - 0x0000028a46dd3000 	C:\Users\Admin\.openjfx\cache\21-ea+5\amd64\api-ms-win-crt-process-l1-1-0.dll
0x0000028a46de0000 - 0x0000028a46de4000 	C:\Users\Admin\.openjfx\cache\21-ea+5\amd64\api-ms-win-crt-runtime-l1-1-0.dll
0x0000028a46df0000 - 0x0000028a46df4000 	C:\Users\Admin\.openjfx\cache\21-ea+5\amd64\api-ms-win-crt-stdio-l1-1-0.dll
0x0000028a46e00000 - 0x0000028a46e04000 	C:\Users\Admin\.openjfx\cache\21-ea+5\amd64\api-ms-win-crt-string-l1-1-0.dll
0x0000028a46e10000 - 0x0000028a46e13000 	C:\Users\Admin\.openjfx\cache\21-ea+5\amd64\api-ms-win-crt-time-l1-1-0.dll
0x0000028a46e20000 - 0x0000028a46e23000 	C:\Users\Admin\.openjfx\cache\21-ea+5\amd64\api-ms-win-crt-utility-l1-1-0.dll
0x00007ffd74690000 - 0x00007ffd7478c000 	C:\Users\Admin\.openjfx\cache\21-ea+5\amd64\ucrtbase.dll
0x00007ffd8f7d0000 - 0x00007ffd8f7eb000 	C:\Users\Admin\.openjfx\cache\21-ea+5\amd64\vcruntime140.dll
0x00007ffd91dd0000 - 0x00007ffd91ddc000 	C:\Users\Admin\.openjfx\cache\21-ea+5\amd64\vcruntime140_1.dll
0x00007ffd87500000 - 0x00007ffd8758e000 	C:\Users\Admin\.openjfx\cache\21-ea+5\amd64\msvcp140.dll
0x00007ffd91a50000 - 0x00007ffd91a59000 	C:\Users\Admin\.openjfx\cache\21-ea+5\amd64\msvcp140_1.dll
0x00007ffd8f7a0000 - 0x00007ffd8f7d0000 	C:\Users\Admin\.openjfx\cache\21-ea+5\amd64\msvcp140_2.dll
0x00007ffd8ba90000 - 0x00007ffd8babf000 	C:\Users\Admin\.openjfx\cache\21-ea+5\amd64\prism_d3d.dll
0x00007ffd6dc80000 - 0x00007ffd6de29000 	C:\Windows\system32\d3d9.dll
0x00007ffdad070000 - 0x00007ffdad09b000 	C:\Windows\SYSTEM32\dwmapi.dll
0x00007ffdacef0000 - 0x00007ffdacf26000 	C:\Windows\SYSTEM32\dxcore.dll
0x00007ffdacde0000 - 0x00007ffdace8b000 	C:\Windows\system32\uxtheme.dll
0x00007ffd761a0000 - 0x00007ffd76305000 	C:\Windows\System32\DriverStore\FileRepository\iigd_dch.inf_amd64_225f37aa3862fc3f\igdumdim64.dll
0x00007ffdb02e0000 - 0x00007ffdb0480000 	C:\Windows\System32\ole32.dll
0x00007ffd3fda0000 - 0x00007ffd439f6000 	C:\Windows\System32\DriverStore\FileRepository\iigd_dch.inf_amd64_225f37aa3862fc3f\igd9dxva64.dll
0x00007ffdb0560000 - 0x00007ffdb09d4000 	C:\Windows\System32\SETUPAPI.dll
0x00007ffdaf5f0000 - 0x00007ffdaf63e000 	C:\Windows\SYSTEM32\cfgmgr32.dll
0x00007ffda7610000 - 0x00007ffda79d1000 	C:\Windows\System32\DriverStore\FileRepository\iigd_dch.inf_amd64_225f37aa3862fc3f\igdgmm64.dll
0x00007ffdaaa00000 - 0x00007ffdaaa4a000 	C:\Windows\SYSTEM32\directxdatabasehelper.dll
0x00007ffd8ba40000 - 0x00007ffd8ba82000 	C:\Users\Admin\.openjfx\cache\21-ea+5\amd64\glass.dll
0x00007ffdb0c30000 - 0x00007ffdb0d29000 	C:\Windows\System32\COMDLG32.dll
0x00007ffdb1000000 - 0x00007ffdb114f000 	C:\Windows\System32\MSCTF.dll
0x00007ffd802f0000 - 0x00007ffd80317000 	C:\Windows\System32\DriverStore\FileRepository\iigd_dch.inf_amd64_225f37aa3862fc3f\igdinfo64.dll
0x00007ffd9f250000 - 0x00007ffda2456000 	C:\Windows\System32\DriverStore\FileRepository\iigd_dch.inf_amd64_225f37aa3862fc3f\igc64.dll
0x00007ffd8a8a0000 - 0x00007ffd8a8b4000 	C:\Users\Admin\.openjfx\cache\21-ea+5\amd64\javafx_font.dll
0x00007ffdab480000 - 0x00007ffdab6f3000 	C:\Windows\SYSTEM32\dwrite.dll
0x00007ffdb1ba0000 - 0x00007ffdb1c50000 	C:\Windows\System32\clbcatq.dll
0x00007ffdab2c0000 - 0x00007ffdab470000 	C:\Windows\SYSTEM32\WindowsCodecs.dll
0x00007ffd9cf30000 - 0x00007ffd9cf8e000 	C:\Windows\system32\dataexchange.dll
0x00007ffda9060000 - 0x00007ffda92e5000 	C:\Windows\system32\twinapi.appcore.dll
0x00007ffd87480000 - 0x00007ffd874b2000 	C:\Program Files\Common Files\Microsoft Shared\Ink\rtscom.dll
0x00007ffd979a0000 - 0x00007ffd97aea000 	C:\Windows\SYSTEM32\textinputframework.dll
0x00007ffdac860000 - 0x00007ffdac993000 	C:\Windows\SYSTEM32\CoreMessaging.dll
0x00007ffdaa3e0000 - 0x00007ffdaa74c000 	C:\Windows\SYSTEM32\CoreUIComponents.dll
0x00007ffdaf0e0000 - 0x00007ffdaf0ec000 	C:\Windows\SYSTEM32\CRYPTBASE.DLL

dbghelp: loaded successfully - version: 4.0.5 - missing functions: none
symbol engine: initialized successfully - sym options: 0x614 - pdb path: .;C:\Users\Admin\.jdks\openjdk-21.0.1\bin;C:\Windows\SYSTEM32;C:\Windows\WinSxS\amd64_microsoft.windows.common-controls_6595b64144ccf1df_6.0.22621.2506_none_270c5ae97388e100;C:\Users\Admin\.jdks\openjdk-21.0.1\bin\server;C:\Program Files\JetBrains\IntelliJ IDEA Community Edition 2023.2\bin;C:\Users\Admin\.openjfx\cache\21-ea+5\amd64;C:\Windows\System32\DriverStore\FileRepository\iigd_dch.inf_amd64_225f37aa3862fc3f;C:\Program Files\Common Files\Microsoft Shared\Ink

VM Arguments:
jvm_args: -javaagent:C:\Program Files\JetBrains\IntelliJ IDEA Community Edition 2023.2\lib\idea_rt.jar=45646:C:\Program Files\JetBrains\IntelliJ IDEA Community Edition 2023.2\bin -Dfile.encoding=UTF-8 -Dsun.stdout.encoding=UTF-8 -Dsun.stderr.encoding=UTF-8 --module-path=C:\Users\Admin\.m2\repository\org\openjfx\javafx-graphics\21-ea+5\javafx-graphics-21-ea+5-win.jar;C:\Users\Admin\.m2\repository\org\openjfx\javafx-base\21-ea+5\javafx-base-21-ea+5-win.jar;C:\Users\Admin\.m2\repository\org\openjfx\javafx-controls\21-ea+5\javafx-controls-21-ea+5-win.jar;C:\Users\Admin\IdeaProjects\Algorithms\target\classes;C:\Users\Admin\.m2\repository\org\openjfx\javafx-fxml\21-ea+5\javafx-fxml-21-ea+5-win.jar -Djdk.module.main=com.example.algorithms 
java_command: com.example.algorithms/com.example.algorithms.HelloApplication
java_class_path (initial): C:\Users\Admin\.m2\repository\org\openjfx\javafx-controls\21-ea+5\javafx-controls-21-ea+5.jar;C:\Users\Admin\.m2\repository\org\openjfx\javafx-graphics\21-ea+5\javafx-graphics-21-ea+5.jar;C:\Users\Admin\.m2\repository\org\openjfx\javafx-base\21-ea+5\javafx-base-21-ea+5.jar;C:\Users\Admin\.m2\repository\org\openjfx\javafx-fxml\21-ea+5\javafx-fxml-21-ea+5.jar
Launcher Type: SUN_STANDARD

[Global flags]
     intx CICompilerCount                          = 4                                         {product} {ergonomic}
     uint ConcGCThreads                            = 2                                         {product} {ergonomic}
     uint G1ConcRefinementThreads                  = 8                                         {product} {ergonomic}
   size_t G1HeapRegionSize                         = 2097152                                   {product} {ergonomic}
    uintx GCDrainStackTargetSize                   = 64                                        {product} {ergonomic}
   size_t InitialHeapSize                          = 266338304                                 {product} {ergonomic}
   size_t MarkStackSize                            = 4194304                                   {product} {ergonomic}
   size_t MaxHeapSize                              = 4238344192                                {product} {ergonomic}
   size_t MaxNewSize                               = 2541748224                                {product} {ergonomic}
   size_t MinHeapDeltaBytes                        = 2097152                                   {product} {ergonomic}
   size_t MinHeapSize                              = 8388608                                   {product} {ergonomic}
    uintx NonNMethodCodeHeapSize                   = 5839372                                {pd product} {ergonomic}
    uintx NonProfiledCodeHeapSize                  = 122909434                              {pd product} {ergonomic}
    uintx ProfiledCodeHeapSize                     = 122909434                              {pd product} {ergonomic}
    uintx ReservedCodeCacheSize                    = 251658240                              {pd product} {ergonomic}
     bool SegmentedCodeCache                       = true                                      {product} {ergonomic}
   size_t SoftMaxHeapSize                          = 4238344192                             {manageable} {ergonomic}
     bool UseCompressedOops                        = true                           {product lp64_product} {ergonomic}
     bool UseG1GC                                  = true                                      {product} {ergonomic}
     bool UseLargePagesIndividualAllocation        = false                                  {pd product} {ergonomic}

Logging:
Log output configuration:
 #0: stdout all=off uptime,level,tags foldmultilines=false
 #1: stderr all=off uptime,level,tags foldmultilines=false

Environment Variables:
PATH=C:\Program Files (x86)\Common Files\Oracle\Java\javapath;C:\ProgramData\Oracle\Java\javapath;C:\Windows\System32\HWAudioDriverLibs;C:\Windows\system32;C:\Windows;C:\Windows\System32\Wbem;C:\Windows\System32\WindowsPowerShell\v1.0\;C:\Windows\System32\OpenSSH\;C:\Users\Administrator\AppData\Local\Microsoft\WindowsApps;C:\Users\Admin\AppData\Local\Microsoft\WindowsApps;;C:\Program Files\JetBrains\IntelliJ IDEA Community Edition 2023.2\bin;
USERNAME=Admin
OS=Windows_NT
PROCESSOR_IDENTIFIER=Intel64 Family 6 Model 140 Stepping 2, GenuineIntel
TMP=C:\Users\Admin\AppData\Local\Temp
TEMP=C:\Users\Admin\AppData\Local\Temp




Periodic native trim disabled

---------------  S Y S T E M  ---------------

OS:
 Windows 11 , 64 bit Build 22621 (10.0.22621.2506)
OS uptime: 18 days 0:30 hours

CPU: total 8 (initial active 8) (4 cores per cpu, 2 threads per core) family 6 model 140 stepping 2 microcode 0x16, cx8, cmov, fxsr, ht, mmx, 3dnowpref, sse, sse2, sse3, ssse3, sse4.1, sse4.2, popcnt, lzcnt, tsc, tscinvbit, avx, avx2, aes, erms, clmul, bmi1, bmi2, adx, avx512f, avx512dq, avx512cd, avx512bw, avx512vl, sha, fma, vzeroupper, avx512_vpopcntdq, avx512_vpclmulqdq, avx512_vaes, avx512_vnni, clflush, clflushopt, clwb, avx512_vbmi2, avx512_vbmi, rdtscp, rdpid, fsrm, gfni, avx512_bitalg, f16c, pku, cet_ibt, cet_ss, avx512_ifma
Processor Information for all 8 processors :
  Max Mhz: 2496, Current Mhz: 2496, Mhz Limit: 2496

Memory: 4k page, system-wide physical 16167M (5862M free)
TotalPageFile size 18599M (AvailPageFile size 4665M)
current process WorkingSet (physical memory assigned to process): 172M, peak: 190M
current process commit charge ("private bytes"): 410M, peak: 431M

vm_info: OpenJDK 64-Bit Server VM (21.0.1+12-29) for windows-amd64 JRE (21.0.1+12-29), built on 2023-10-05T13:27:09Z by "mach5one" with MS VC++ 17.1 (VS2022)

END.
