#
# A fatal error has been detected by the Java Runtime Environment:
#
#  EXCEPTION_ACCESS_VIOLATION (0xc0000005) at pc=0x00007ffd87566407, pid=19892, tid=17500
#
# JRE version: OpenJDK Runtime Environment (21.0.1+12) (build 21.0.1+12-29)
# Java VM: OpenJDK 64-Bit Server VM (21.0.1+12-29, mixed mode, sharing, tiered, compressed oops, compressed class ptrs, g1 gc, windows-amd64)
# Problematic frame:
# C  [glass.dll+0x26407]
#
# No core dump will be written. Minidumps are not enabled by default on client versions of Windows
#
# If you would like to submit a bug report, please visit:
#   https://bugreport.java.com/bugreport/crash.jsp
#

---------------  S U M M A R Y ------------

Command Line: -javaagent:C:\Program Files\JetBrains\IntelliJ IDEA Community Edition 2023.2\lib\idea_rt.jar=45258:C:\Program Files\JetBrains\IntelliJ IDEA Community Edition 2023.2\bin -Dfile.encoding=UTF-8 -Dsun.stdout.encoding=UTF-8 -Dsun.stderr.encoding=UTF-8 --module-path=C:\Users\Admin\.m2\repository\org\openjfx\javafx-controls\21-ea+5\javafx-controls-21-ea+5-win.jar;C:\Users\Admin\.m2\repository\org\openjfx\javafx-graphics\21-ea+5\javafx-graphics-21-ea+5-win.jar;C:\Users\Admin\.m2\repository\org\openjfx\javafx-base\21-ea+5\javafx-base-21-ea+5-win.jar;C:\Users\Admin\.m2\repository\org\openjfx\javafx-fxml\21-ea+5\javafx-fxml-21-ea+5-win.jar;C:\Users\Admin\IdeaProjects\Algorithms\target\classes -Djdk.module.main=com.example.algorithms com.example.algorithms/com.example.algorithms.HelloApplication

Host: 11th Gen Intel(R) Core(TM) i5-1155G7 @ 2.50GHz, 8 cores, 15G,  Windows 11 , 64 bit Build 22621 (10.0.22621.2506)
Time: Mon Dec 11 16:26:51 2023  Windows 11 , 64 bit Build 22621 (10.0.22621.2506) elapsed time: 496.924635 seconds (0d 0h 8m 16s)

---------------  T H R E A D  ---------------

Current thread (0x000001affbf31910):  VMThread "VM Thread"          [id=17500, stack(0x00000039b8b00000,0x00000039b8c00000) (1024K)]

Stack: [0x00000039b8b00000,0x00000039b8c00000],  sp=0x00000039b8bff1d0,  free space=1020k
Native frames: (J=compiled Java code, j=interpreted, Vv=VM code, C=native code)
C  [glass.dll+0x26407]


siginfo: EXCEPTION_ACCESS_VIOLATION (0xc0000005), reading address 0x0000000000000000


Registers:
RAX=0x0000000000000000, RBX=0x000001affbf40daa, RCX=0x000001affbf31910, RDX=0x00000039b8bff1d0
RSP=0x00000039b8bff1d0, RBP=0x000001afd524e858, RSI=0x00000039b8bff2d8, RDI=0x000001afd524e830
R8 =0x0000000000010002, R9 =0x000001afd524e830, R10=0x85f13e9656da4870, R11=0x00000039b8bff160
R12=0x00007ffd87563d40, R13=0x00007ffd32f01fa0, R14=0x0000e8623c303885, R15=0x000001afd524e830
RIP=0x00007ffd87566407, EFLAGS=0x0000000000010202


Register to memory mapping:

RAX=0x0 is null
RBX=0x000001affbf40daa is a global jni handle
RCX=0x000001affbf31910 points into unknown readable memory: 0x00007ffd32d13f88 | 88 3f d1 32 fd 7f 00 00
RDX=0x00000039b8bff1d0 points into unknown readable memory: 0x0000000000000000 | 00 00 00 00 00 00 00 00
RSP=0x00000039b8bff1d0 points into unknown readable memory: 0x0000000000000000 | 00 00 00 00 00 00 00 00
RBP=0x000001afd524e858 points into unknown readable memory: 0x0000e8623c303885 | 85 38 30 3c 62 e8 00 00
RSI=0x00000039b8bff2d8 points into unknown readable memory: 0x00000039b8bff2c0 | c0 f2 bf b8 39 00 00 00
RDI=0x000001afd524e830 points into unknown readable memory: 0x000f17d2d6f73385 | 85 33 f7 d6 d2 17 0f 00
R8 =0x0000000000010002 is an unknown value
R9 =0x000001afd524e830 points into unknown readable memory: 0x000f17d2d6f73385 | 85 33 f7 d6 d2 17 0f 00
R10=0x85f13e9656da4870 is an unknown value
R11=0x00000039b8bff160 points into unknown readable memory: 0x000001afd524e830 | 30 e8 24 d5 af 01 00 00
R12=0x00007ffd87563d40 glass.dll
R13=0x00007ffd32f01fa0 jvm.dll
R14=0x0000e8623c303885 is an unknown value
R15=0x000001afd524e830 points into unknown readable memory: 0x000f17d2d6f73385 | 85 33 f7 d6 d2 17 0f 00

Top of Stack: (sp=0x00000039b8bff1d0)
0x00000039b8bff1d0:   0000000000000000 00000039b8bff2d8
0x00000039b8bff1e0:   00007ffd32f01fa0 00007ffd87563d40
0x00000039b8bff1f0:   000001afd524e838 00007ffdb01e3a83
0x00000039b8bff200:   000001afd524e830 000001af00000000
0x00000039b8bff210:   000001afd524e858 00000039b8bff2d8
0x00000039b8bff220:   fffffffffffffffe 0000000000000000
0x00000039b8bff230:   0000000000000001 00007ffd87540000
0x00000039b8bff240:   00000039b8bff2c8 00007ffdb01b006e
0x00000039b8bff250:   0000000000000000 00000039b8bff2d8
0x00000039b8bff260:   00000039b8bff5c0 0000000000000001
0x00000039b8bff270:   0000000000000001 00007ffdb01ada1d
0x00000039b8bff280:   0000000000000000 00007ffd87563539
0x00000039b8bff290:   0000000000000000 00000039b8bff2c8
0x00000039b8bff2a0:   fffffffffffffffe 00000039b8bff500
0x00000039b8bff2b0:   0000000000000000 00007ffd87563bcd
0x00000039b8bff2c0:   00007ffd87579f88 00007ffd00000002
0x00000039b8bff2d0:   0000000000000002 00000039b8bff2c0
0x00000039b8bff2e0:   0000000000000000 00007ffdb25b8603
0x00000039b8bff2f0:   0000000000000000 00007ffd87563cf2
0x00000039b8bff300:   0000000000000001 0000000000000001
0x00000039b8bff310:   0000000000000000 0000000000000001
0x00000039b8bff320:   0000000000000001 00007ffdaf0e2223
0x00000039b8bff330:   00007ffd00000001 0000000000000000
0x00000039b8bff340:   00007ffd87540000 000000007ffe0384
0x00000039b8bff350:   0000000000000000 00007ffdb25b869f
0x00000039b8bff360:   00007ffd87540000 0000000000000000
0x00000039b8bff370:   0000000000000001 000000007ffe0385
0x00000039b8bff380:   00007ffdb26c7a20 00007ffda045e260
0x00000039b8bff390:   00007e2587a55300 00007ffd9f250000
0x00000039b8bff3a0:   00007ffd87563d40 0000000000000000
0x00000039b8bff3b0:   0000000000000000 00000039b8202000
0x00000039b8bff3c0:   000001afd5131180 00007ffdb25e10a6 

Instructions: (pc=0x00007ffd87566407)
0x00007ffd87566307:   8b 4d 58 e8 7d cf ff ff 48 8b 4d 60 e8 74 cf ff
0x00007ffd87566317:   ff 48 8b 95 80 00 00 00 48 8b 8d 18 01 00 00 e8
0x00007ffd87566327:   66 c4 ff ff 33 d2 33 c9 e8 bc e1 ff ff 90 48 89
0x00007ffd87566337:   54 24 10 55 48 83 ec 20 48 8b ea 48 b8 00 00 00
0x00007ffd87566347:   00 00 00 00 00 48 83 c4 20 5d c3 cc 40 55 48 8b
0x00007ffd87566357:   ea 48 8b 01 33 c9 81 38 05 00 00 c0 0f 94 c1 8b
0x00007ffd87566367:   c1 5d c3 cc 40 55 48 83 ec 20 48 8b ea 8a 4d 40
0x00007ffd87566377:   48 83 c4 20 5d e9 63 d3 ff ff cc 40 55 48 83 ec
0x00007ffd87566387:   20 48 8b ea 8a 4d 20 e8 51 d3 ff ff 90 48 83 c4
0x00007ffd87566397:   20 5d c3 cc 40 55 48 83 ec 20 48 8b ea 48 83 c4
0x00007ffd875663a7:   20 5d e9 b2 d1 ff ff cc 40 55 48 83 ec 30 48 8b
0x00007ffd875663b7:   ea 48 8b 01 8b 10 48 89 4c 24 28 89 54 24 20 4c
0x00007ffd875663c7:   8d 0d 53 d6 ff ff 4c 8b 45 70 8b 55 68 48 8b 4d
0x00007ffd875663d7:   60 e8 f3 d0 ff ff 90 48 83 c4 30 5d c3 cc cc cc
0x00007ffd875663e7:   cc cc cc cc cc cc cc cc cc 40 53 48 83 ec 20 48
0x00007ffd875663f7:   8b 1d 8b 35 01 00 48 85 db 74 16 e8 79 8b ff ff
0x00007ffd87566407:   4c 8b 00 48 8b d3 48 8b c8 41 ff 90 b0 00 00 00
0x00007ffd87566417:   90 48 83 c4 20 5b c3 cc cc 40 53 48 83 ec 20 48
0x00007ffd87566427:   8b 1d fb 36 01 00 48 85 db 74 57 b8 ff ff ff ff
0x00007ffd87566437:   f0 0f c1 43 10 83 f8 01 75 3d 48 85 db 74 38 48
0x00007ffd87566447:   8b 0b 48 85 c9 74 0d ff 15 54 0e 00 00 48 c7 03
0x00007ffd87566457:   00 00 00 00 48 8b 4b 08 48 85 c9 74 0d e8 23 ce
0x00007ffd87566467:   ff ff 48 c7 43 08 00 00 00 00 ba 18 00 00 00 48
0x00007ffd87566477:   8b cb e8 0e ce ff ff 48 c7 05 9f 36 01 00 00 00
0x00007ffd87566487:   00 00 48 83 c4 20 5b c3 cc 40 53 48 83 ec 20 48
0x00007ffd87566497:   8b 1d 6b 36 01 00 48 85 db 74 57 b8 ff ff ff ff
0x00007ffd875664a7:   f0 0f c1 43 10 83 f8 01 75 3d 48 85 db 74 38 48
0x00007ffd875664b7:   8b 0b 48 85 c9 74 0d ff 15 e4 0d 00 00 48 c7 03
0x00007ffd875664c7:   00 00 00 00 48 8b 4b 08 48 85 c9 74 0d e8 b3 cd
0x00007ffd875664d7:   ff ff 48 c7 43 08 00 00 00 00 ba 18 00 00 00 48
0x00007ffd875664e7:   8b cb e8 9e cd ff ff 48 c7 05 0f 36 01 00 00 00
0x00007ffd875664f7:   00 00 48 83 c4 20 5b c3 cc 40 53 48 83 ec 20 48 


Stack slot to memory mapping:

stack at sp + 0 slots: 0x0 is null
stack at sp + 1 slots: 0x00000039b8bff2d8 points into unknown readable memory: 0x00000039b8bff2c0 | c0 f2 bf b8 39 00 00 00
stack at sp + 2 slots: 0x00007ffd32f01fa0 jvm.dll
stack at sp + 3 slots: 0x00007ffd87563d40 glass.dll
stack at sp + 4 slots: 0x000001afd524e838 points into unknown readable memory: 0x0000e8623c303885 | 85 38 30 3c 62 e8 00 00
stack at sp + 5 slots: 0x00007ffdb01e3a83 ucrtbase.dll
stack at sp + 6 slots: 0x000001afd524e830 points into unknown readable memory: 0x000f17d2d6f73385 | 85 33 f7 d6 d2 17 0f 00
stack at sp + 7 slots: 0x000001af00000000 is an unknown value

VM_Operation (0x00000039b9cfeef0): Exit, mode: safepoint, requested by thread 0x000001afd5905ab0


---------------  P R O C E S S  ---------------

Threads class SMR info:
_java_thread_list=0x000001afd5c87580, length=19, elements={
0x000001afebe8e470, 0x000001affbf4f400, 0x000001affbf50320, 0x000001affbf58420,
0x000001affbf58f70, 0x000001affbf59ac0, 0x000001affbf61030, 0x000001affbf6ada0,
0x000001afd41a5810, 0x000001afd42b18e0, 0x000001afd52c5a20, 0x000001afd5848330,
0x000001afd4eef850, 0x000001afd595a4c0, 0x000001afd54492a0, 0x000001afd5449910,
0x000001afd59067d0, 0x000001afd5904070, 0x000001afd5905ab0
}

Java Threads: ( => current thread )
  0x000001afebe8e470 JavaThread "main"                              [_thread_blocked, id=15524, stack(0x00000039b8400000,0x00000039b8500000) (1024K)]
  0x000001affbf4f400 JavaThread "Reference Handler"          daemon [_thread_blocked, id=22192, stack(0x00000039b8c00000,0x00000039b8d00000) (1024K)]
  0x000001affbf50320 JavaThread "Finalizer"                  daemon [_thread_blocked, id=3580, stack(0x00000039b8d00000,0x00000039b8e00000) (1024K)]
  0x000001affbf58420 JavaThread "Attach Listener"            daemon [_thread_blocked, id=19084, stack(0x00000039b8f00000,0x00000039b9000000) (1024K)]
  0x000001affbf58f70 JavaThread "Service Thread"             daemon [_thread_blocked, id=18924, stack(0x00000039b9000000,0x00000039b9100000) (1024K)]
  0x000001affbf59ac0 JavaThread "Monitor Deflation Thread"   daemon [_thread_blocked, id=21740, stack(0x00000039b9100000,0x00000039b9200000) (1024K)]
  0x000001affbf61030 JavaThread "C2 CompilerThread0"         daemon [_thread_blocked, id=12668, stack(0x00000039b9200000,0x00000039b9300000) (1024K)]
  0x000001affbf6ada0 JavaThread "C1 CompilerThread0"         daemon [_thread_blocked, id=23120, stack(0x00000039b9300000,0x00000039b9400000) (1024K)]
  0x000001afd41a5810 JavaThread "Common-Cleaner"             daemon [_thread_blocked, id=23788, stack(0x00000039b9400000,0x00000039b9500000) (1024K)]
  0x000001afd42b18e0 JavaThread "Monitor Ctrl-Break"         daemon [_thread_in_native, id=20820, stack(0x00000039b9700000,0x00000039b9800000) (1024K)]
  0x000001afd52c5a20 JavaThread "Notification Thread"        daemon [_thread_blocked, id=20364, stack(0x00000039b9800000,0x00000039b9900000) (1024K)]
  0x000001afd5848330 JavaThread "QuantumRenderer-0"          daemon [_thread_blocked, id=13240, stack(0x00000039b9600000,0x00000039b9700000) (1024K)]
  0x000001afd4eef850 JavaThread "InvokeLaterDispatcher"      daemon [_thread_blocked, id=1800, stack(0x00000039b9900000,0x00000039b9a00000) (1024K)]
  0x000001afd595a4c0 JavaThread "JavaFX Application Thread"         [_thread_in_native, id=11804, stack(0x00000039b9a00000,0x00000039b9b00000) (1024K)]
  0x000001afd54492a0 JavaThread "JavaFX-Launcher"                   [_thread_blocked, id=20368, stack(0x00000039b9f00000,0x00000039ba000000) (1024K)]
  0x000001afd5449910 JavaThread "Thread-2"                   daemon [_thread_in_native, id=24176, stack(0x00000039b9e00000,0x00000039b9f00000) (1024K)]
  0x000001afd59067d0 JavaThread "Prism Font Disposer"        daemon [_thread_blocked, id=8316, stack(0x00000039ba800000,0x00000039ba900000) (1024K)]
  0x000001afd5904070 JavaThread "Cleaner-0"                  daemon [_thread_blocked, id=22592, stack(0x00000039bab00000,0x00000039bac00000) (1024K)]
  0x000001afd5905ab0 JavaThread "SIGINT handler"             daemon [_thread_blocked, id=13852, stack(0x00000039b9c00000,0x00000039b9d00000) (1024K)]
Total: 19

Other Threads:
=>0x000001affbf31910 VMThread "VM Thread"                           [id=17500, stack(0x00000039b8b00000,0x00000039b8c00000) (1024K)]
  0x000001afebef5350 WorkerThread "GC Thread#0"                     [id=4580, stack(0x00000039b8500000,0x00000039b8600000) (1024K)]
  0x000001afd5430310 WorkerThread "GC Thread#1"                     [id=17992, stack(0x00000039ba000000,0x00000039ba100000) (1024K)]
  0x000001afd5449f80 WorkerThread "GC Thread#2"                     [id=11472, stack(0x00000039ba100000,0x00000039ba200000) (1024K)]
  0x000001afd544bbe0 WorkerThread "GC Thread#3"                     [id=21904, stack(0x00000039ba200000,0x00000039ba300000) (1024K)]
  0x000001afd5429d30 WorkerThread "GC Thread#4"                     [id=4236, stack(0x00000039ba300000,0x00000039ba400000) (1024K)]
  0x000001afd5979390 WorkerThread "GC Thread#5"                     [id=4176, stack(0x00000039ba400000,0x00000039ba500000) (1024K)]
  0x000001afd5e2ef40 WorkerThread "GC Thread#6"                     [id=4980, stack(0x00000039ba900000,0x00000039baa00000) (1024K)]
  0x000001afd5e633a0 WorkerThread "GC Thread#7"                     [id=13284, stack(0x00000039baa00000,0x00000039bab00000) (1024K)]
  0x000001afebf06170 ConcurrentGCThread "G1 Main Marker"            terminated
  0x000001afebf06c70 WorkerThread "G1 Conc#0"                       [id=12036, stack(0x00000039b8700000,0x00000039b8800000) (1024K)]
  0x000001affbdeb520 ConcurrentGCThread "G1 Refine#0"               terminated
  0x000001affbdebd40 ConcurrentGCThread "G1 Service"                terminated
Total: 13

Threads with active compile tasks:
Total: 0

VM state: at safepoint (shutting down)

VM Mutex/Monitor currently owned by a thread:  ([mutex/lock_event])
[0x00007ffd32eda5f8] Threads_lock - owner thread: 0x000001affbf31910
[0x00007ffd32eda6f8] Heap_lock - owner thread: 0x000001afd5905ab0

Heap address: 0x0000000703600000, size: 4042 MB, Compressed Oops mode: Zero based, Oop shift amount: 3

CDS archive(s) mapped at: [0x000001af8f000000-0x000001af8fc90000-0x000001af8fc90000), size 13172736, SharedBaseAddress: 0x000001af8f000000, ArchiveRelocationMode: 1.
Compressed class space mapped at: 0x000001af90000000-0x000001afd0000000, reserved size: 1073741824
Narrow klass base: 0x000001af8f000000, Narrow klass shift: 0, Narrow klass range: 0x100000000

GC Precious Log:
 CardTable entry size: 512
 Card Set container configuration: InlinePtr #cards 4 size 8 Array Of Cards #cards 16 size 48 Howl #buckets 8 coarsen threshold 3686 Howl Bitmap #cards 512 size 80 coarsen threshold 460 Card regions per heap region 1 cards per card region 4096
 CPUs: 8 total, 8 available
 Memory: 16167M
 Large Page Support: Disabled
 NUMA Support: Disabled
 Compressed Oops: Enabled (Zero based)
 Heap Region Size: 2M
 Heap Min Capacity: 8M
 Heap Initial Capacity: 254M
 Heap Max Capacity: 4042M
 Pre-touch: Disabled
 Parallel Workers: 8
 Concurrent Workers: 2
 Concurrent Refinement Workers: 8
 Periodic GC: Disabled

Heap:
 garbage-first heap   total 260096K, used 33412K [0x0000000703600000, 0x0000000800000000)
  region size 2048K, 17 young (34816K), 3 survivors (6144K)
 Metaspace       used 18010K, committed 18368K, reserved 1114112K
  class space    used 2780K, committed 2944K, reserved 1048576K

Heap Regions: E=young(eden), S=young(survivor), O=old, HS=humongous(starts), HC=humongous(continues), CS=collection set, F=free, TAMS=top-at-mark-start, PB=parsable bottom
|   0|0x0000000703600000, 0x00000007036a1160, 0x0000000703800000| 31%| O|  |TAMS 0x0000000703600000| PB 0x0000000703600000| Untracked 
|   1|0x0000000703800000, 0x0000000703a00000, 0x0000000703a00000|100%|HS|  |TAMS 0x0000000703800000| PB 0x0000000703800000| Complete 
|   2|0x0000000703a00000, 0x0000000703a00000, 0x0000000703c00000|  0%| F|  |TAMS 0x0000000703a00000| PB 0x0000000703a00000| Untracked 
|   3|0x0000000703c00000, 0x0000000703c00000, 0x0000000703e00000|  0%| F|  |TAMS 0x0000000703c00000| PB 0x0000000703c00000| Untracked 
|   4|0x0000000703e00000, 0x0000000703e00000, 0x0000000704000000|  0%| F|  |TAMS 0x0000000703e00000| PB 0x0000000703e00000| Untracked 
|   5|0x0000000704000000, 0x0000000704000000, 0x0000000704200000|  0%| F|  |TAMS 0x0000000704000000| PB 0x0000000704000000| Untracked 
|   6|0x0000000704200000, 0x0000000704200000, 0x0000000704400000|  0%| F|  |TAMS 0x0000000704200000| PB 0x0000000704200000| Untracked 
|   7|0x0000000704400000, 0x0000000704400000, 0x0000000704600000|  0%| F|  |TAMS 0x0000000704400000| PB 0x0000000704400000| Untracked 
|   8|0x0000000704600000, 0x0000000704600000, 0x0000000704800000|  0%| F|  |TAMS 0x0000000704600000| PB 0x0000000704600000| Untracked 
|   9|0x0000000704800000, 0x0000000704800000, 0x0000000704a00000|  0%| F|  |TAMS 0x0000000704800000| PB 0x0000000704800000| Untracked 
|  10|0x0000000704a00000, 0x0000000704a00000, 0x0000000704c00000|  0%| F|  |TAMS 0x0000000704a00000| PB 0x0000000704a00000| Untracked 
|  11|0x0000000704c00000, 0x0000000704c00000, 0x0000000704e00000|  0%| F|  |TAMS 0x0000000704c00000| PB 0x0000000704c00000| Untracked 
|  12|0x0000000704e00000, 0x0000000704e00000, 0x0000000705000000|  0%| F|  |TAMS 0x0000000704e00000| PB 0x0000000704e00000| Untracked 
|  13|0x0000000705000000, 0x0000000705000000, 0x0000000705200000|  0%| F|  |TAMS 0x0000000705000000| PB 0x0000000705000000| Untracked 
|  14|0x0000000705200000, 0x0000000705200000, 0x0000000705400000|  0%| F|  |TAMS 0x0000000705200000| PB 0x0000000705200000| Untracked 
|  15|0x0000000705400000, 0x0000000705400000, 0x0000000705600000|  0%| F|  |TAMS 0x0000000705400000| PB 0x0000000705400000| Untracked 
|  16|0x0000000705600000, 0x0000000705600000, 0x0000000705800000|  0%| F|  |TAMS 0x0000000705600000| PB 0x0000000705600000| Untracked 
|  17|0x0000000705800000, 0x0000000705800000, 0x0000000705a00000|  0%| F|  |TAMS 0x0000000705800000| PB 0x0000000705800000| Untracked 
|  18|0x0000000705a00000, 0x0000000705a00000, 0x0000000705c00000|  0%| F|  |TAMS 0x0000000705a00000| PB 0x0000000705a00000| Untracked 
|  19|0x0000000705c00000, 0x0000000705c00000, 0x0000000705e00000|  0%| F|  |TAMS 0x0000000705c00000| PB 0x0000000705c00000| Untracked 
|  20|0x0000000705e00000, 0x0000000705e00000, 0x0000000706000000|  0%| F|  |TAMS 0x0000000705e00000| PB 0x0000000705e00000| Untracked 
|  21|0x0000000706000000, 0x0000000706000000, 0x0000000706200000|  0%| F|  |TAMS 0x0000000706000000| PB 0x0000000706000000| Untracked 
|  22|0x0000000706200000, 0x0000000706200000, 0x0000000706400000|  0%| F|  |TAMS 0x0000000706200000| PB 0x0000000706200000| Untracked 
|  23|0x0000000706400000, 0x0000000706400000, 0x0000000706600000|  0%| F|  |TAMS 0x0000000706400000| PB 0x0000000706400000| Untracked 
|  24|0x0000000706600000, 0x0000000706600000, 0x0000000706800000|  0%| F|  |TAMS 0x0000000706600000| PB 0x0000000706600000| Untracked 
|  25|0x0000000706800000, 0x0000000706800000, 0x0000000706a00000|  0%| F|  |TAMS 0x0000000706800000| PB 0x0000000706800000| Untracked 
|  26|0x0000000706a00000, 0x0000000706a00000, 0x0000000706c00000|  0%| F|  |TAMS 0x0000000706a00000| PB 0x0000000706a00000| Untracked 
|  27|0x0000000706c00000, 0x0000000706c00000, 0x0000000706e00000|  0%| F|  |TAMS 0x0000000706c00000| PB 0x0000000706c00000| Untracked 
|  28|0x0000000706e00000, 0x0000000706e00000, 0x0000000707000000|  0%| F|  |TAMS 0x0000000706e00000| PB 0x0000000706e00000| Untracked 
|  29|0x0000000707000000, 0x0000000707000000, 0x0000000707200000|  0%| F|  |TAMS 0x0000000707000000| PB 0x0000000707000000| Untracked 
|  30|0x0000000707200000, 0x0000000707200000, 0x0000000707400000|  0%| F|  |TAMS 0x0000000707200000| PB 0x0000000707200000| Untracked 
|  31|0x0000000707400000, 0x0000000707400000, 0x0000000707600000|  0%| F|  |TAMS 0x0000000707400000| PB 0x0000000707400000| Untracked 
|  32|0x0000000707600000, 0x0000000707600000, 0x0000000707800000|  0%| F|  |TAMS 0x0000000707600000| PB 0x0000000707600000| Untracked 
|  33|0x0000000707800000, 0x0000000707800000, 0x0000000707a00000|  0%| F|  |TAMS 0x0000000707800000| PB 0x0000000707800000| Untracked 
|  34|0x0000000707a00000, 0x0000000707a00000, 0x0000000707c00000|  0%| F|  |TAMS 0x0000000707a00000| PB 0x0000000707a00000| Untracked 
|  35|0x0000000707c00000, 0x0000000707c00000, 0x0000000707e00000|  0%| F|  |TAMS 0x0000000707c00000| PB 0x0000000707c00000| Untracked 
|  36|0x0000000707e00000, 0x0000000707e00000, 0x0000000708000000|  0%| F|  |TAMS 0x0000000707e00000| PB 0x0000000707e00000| Untracked 
|  37|0x0000000708000000, 0x0000000708000000, 0x0000000708200000|  0%| F|  |TAMS 0x0000000708000000| PB 0x0000000708000000| Untracked 
|  38|0x0000000708200000, 0x0000000708200000, 0x0000000708400000|  0%| F|  |TAMS 0x0000000708200000| PB 0x0000000708200000| Untracked 
|  39|0x0000000708400000, 0x0000000708400000, 0x0000000708600000|  0%| F|  |TAMS 0x0000000708400000| PB 0x0000000708400000| Untracked 
|  40|0x0000000708600000, 0x0000000708600000, 0x0000000708800000|  0%| F|  |TAMS 0x0000000708600000| PB 0x0000000708600000| Untracked 
|  41|0x0000000708800000, 0x0000000708800000, 0x0000000708a00000|  0%| F|  |TAMS 0x0000000708800000| PB 0x0000000708800000| Untracked 
|  42|0x0000000708a00000, 0x0000000708a00000, 0x0000000708c00000|  0%| F|  |TAMS 0x0000000708a00000| PB 0x0000000708a00000| Untracked 
|  43|0x0000000708c00000, 0x0000000708c00000, 0x0000000708e00000|  0%| F|  |TAMS 0x0000000708c00000| PB 0x0000000708c00000| Untracked 
|  44|0x0000000708e00000, 0x0000000708e00000, 0x0000000709000000|  0%| F|  |TAMS 0x0000000708e00000| PB 0x0000000708e00000| Untracked 
|  45|0x0000000709000000, 0x0000000709000000, 0x0000000709200000|  0%| F|  |TAMS 0x0000000709000000| PB 0x0000000709000000| Untracked 
|  46|0x0000000709200000, 0x0000000709200000, 0x0000000709400000|  0%| F|  |TAMS 0x0000000709200000| PB 0x0000000709200000| Untracked 
|  47|0x0000000709400000, 0x0000000709400000, 0x0000000709600000|  0%| F|  |TAMS 0x0000000709400000| PB 0x0000000709400000| Untracked 
|  48|0x0000000709600000, 0x0000000709600000, 0x0000000709800000|  0%| F|  |TAMS 0x0000000709600000| PB 0x0000000709600000| Untracked 
|  49|0x0000000709800000, 0x0000000709800000, 0x0000000709a00000|  0%| F|  |TAMS 0x0000000709800000| PB 0x0000000709800000| Untracked 
|  50|0x0000000709a00000, 0x0000000709a00000, 0x0000000709c00000|  0%| F|  |TAMS 0x0000000709a00000| PB 0x0000000709a00000| Untracked 
|  51|0x0000000709c00000, 0x0000000709c00000, 0x0000000709e00000|  0%| F|  |TAMS 0x0000000709c00000| PB 0x0000000709c00000| Untracked 
|  52|0x0000000709e00000, 0x0000000709e00000, 0x000000070a000000|  0%| F|  |TAMS 0x0000000709e00000| PB 0x0000000709e00000| Untracked 
|  53|0x000000070a000000, 0x000000070a000000, 0x000000070a200000|  0%| F|  |TAMS 0x000000070a000000| PB 0x000000070a000000| Untracked 
|  54|0x000000070a200000, 0x000000070a200000, 0x000000070a400000|  0%| F|  |TAMS 0x000000070a200000| PB 0x000000070a200000| Untracked 
|  55|0x000000070a400000, 0x000000070a400000, 0x000000070a600000|  0%| F|  |TAMS 0x000000070a400000| PB 0x000000070a400000| Untracked 
|  56|0x000000070a600000, 0x000000070a600000, 0x000000070a800000|  0%| F|  |TAMS 0x000000070a600000| PB 0x000000070a600000| Untracked 
|  57|0x000000070a800000, 0x000000070a800000, 0x000000070aa00000|  0%| F|  |TAMS 0x000000070a800000| PB 0x000000070a800000| Untracked 
|  58|0x000000070aa00000, 0x000000070aa00000, 0x000000070ac00000|  0%| F|  |TAMS 0x000000070aa00000| PB 0x000000070aa00000| Untracked 
|  59|0x000000070ac00000, 0x000000070ac00000, 0x000000070ae00000|  0%| F|  |TAMS 0x000000070ac00000| PB 0x000000070ac00000| Untracked 
|  60|0x000000070ae00000, 0x000000070ae00000, 0x000000070b000000|  0%| F|  |TAMS 0x000000070ae00000| PB 0x000000070ae00000| Untracked 
|  61|0x000000070b000000, 0x000000070b000000, 0x000000070b200000|  0%| F|  |TAMS 0x000000070b000000| PB 0x000000070b000000| Untracked 
|  62|0x000000070b200000, 0x000000070b200000, 0x000000070b400000|  0%| F|  |TAMS 0x000000070b200000| PB 0x000000070b200000| Untracked 
|  63|0x000000070b400000, 0x000000070b400000, 0x000000070b600000|  0%| F|  |TAMS 0x000000070b400000| PB 0x000000070b400000| Untracked 
|  64|0x000000070b600000, 0x000000070b600000, 0x000000070b800000|  0%| F|  |TAMS 0x000000070b600000| PB 0x000000070b600000| Untracked 
|  65|0x000000070b800000, 0x000000070b800000, 0x000000070ba00000|  0%| F|  |TAMS 0x000000070b800000| PB 0x000000070b800000| Untracked 
|  66|0x000000070ba00000, 0x000000070ba00000, 0x000000070bc00000|  0%| F|  |TAMS 0x000000070ba00000| PB 0x000000070ba00000| Untracked 
|  67|0x000000070bc00000, 0x000000070bc00000, 0x000000070be00000|  0%| F|  |TAMS 0x000000070bc00000| PB 0x000000070bc00000| Untracked 
|  68|0x000000070be00000, 0x000000070be00000, 0x000000070c000000|  0%| F|  |TAMS 0x000000070be00000| PB 0x000000070be00000| Untracked 
|  69|0x000000070c000000, 0x000000070c000000, 0x000000070c200000|  0%| F|  |TAMS 0x000000070c000000| PB 0x000000070c000000| Untracked 
|  70|0x000000070c200000, 0x000000070c200000, 0x000000070c400000|  0%| F|  |TAMS 0x000000070c200000| PB 0x000000070c200000| Untracked 
|  71|0x000000070c400000, 0x000000070c400000, 0x000000070c600000|  0%| F|  |TAMS 0x000000070c400000| PB 0x000000070c400000| Untracked 
|  72|0x000000070c600000, 0x000000070c600000, 0x000000070c800000|  0%| F|  |TAMS 0x000000070c600000| PB 0x000000070c600000| Untracked 
|  73|0x000000070c800000, 0x000000070c800000, 0x000000070ca00000|  0%| F|  |TAMS 0x000000070c800000| PB 0x000000070c800000| Untracked 
|  74|0x000000070ca00000, 0x000000070ca00000, 0x000000070cc00000|  0%| F|  |TAMS 0x000000070ca00000| PB 0x000000070ca00000| Untracked 
|  75|0x000000070cc00000, 0x000000070cc00000, 0x000000070ce00000|  0%| F|  |TAMS 0x000000070cc00000| PB 0x000000070cc00000| Untracked 
|  76|0x000000070ce00000, 0x000000070ce00000, 0x000000070d000000|  0%| F|  |TAMS 0x000000070ce00000| PB 0x000000070ce00000| Untracked 
|  77|0x000000070d000000, 0x000000070d000000, 0x000000070d200000|  0%| F|  |TAMS 0x000000070d000000| PB 0x000000070d000000| Untracked 
|  78|0x000000070d200000, 0x000000070d200000, 0x000000070d400000|  0%| F|  |TAMS 0x000000070d200000| PB 0x000000070d200000| Untracked 
|  79|0x000000070d400000, 0x000000070d400000, 0x000000070d600000|  0%| F|  |TAMS 0x000000070d400000| PB 0x000000070d400000| Untracked 
|  80|0x000000070d600000, 0x000000070d600000, 0x000000070d800000|  0%| F|  |TAMS 0x000000070d600000| PB 0x000000070d600000| Untracked 
|  81|0x000000070d800000, 0x000000070d800000, 0x000000070da00000|  0%| F|  |TAMS 0x000000070d800000| PB 0x000000070d800000| Untracked 
|  82|0x000000070da00000, 0x000000070da00000, 0x000000070dc00000|  0%| F|  |TAMS 0x000000070da00000| PB 0x000000070da00000| Untracked 
|  83|0x000000070dc00000, 0x000000070dc00000, 0x000000070de00000|  0%| F|  |TAMS 0x000000070dc00000| PB 0x000000070dc00000| Untracked 
|  84|0x000000070de00000, 0x000000070de00000, 0x000000070e000000|  0%| F|  |TAMS 0x000000070de00000| PB 0x000000070de00000| Untracked 
|  85|0x000000070e000000, 0x000000070e000000, 0x000000070e200000|  0%| F|  |TAMS 0x000000070e000000| PB 0x000000070e000000| Untracked 
|  86|0x000000070e200000, 0x000000070e200000, 0x000000070e400000|  0%| F|  |TAMS 0x000000070e200000| PB 0x000000070e200000| Untracked 
|  87|0x000000070e400000, 0x000000070e400000, 0x000000070e600000|  0%| F|  |TAMS 0x000000070e400000| PB 0x000000070e400000| Untracked 
|  88|0x000000070e600000, 0x000000070e600000, 0x000000070e800000|  0%| F|  |TAMS 0x000000070e600000| PB 0x000000070e600000| Untracked 
|  89|0x000000070e800000, 0x000000070e800000, 0x000000070ea00000|  0%| F|  |TAMS 0x000000070e800000| PB 0x000000070e800000| Untracked 
|  90|0x000000070ea00000, 0x000000070ea00000, 0x000000070ec00000|  0%| F|  |TAMS 0x000000070ea00000| PB 0x000000070ea00000| Untracked 
|  91|0x000000070ec00000, 0x000000070ec00000, 0x000000070ee00000|  0%| F|  |TAMS 0x000000070ec00000| PB 0x000000070ec00000| Untracked 
|  92|0x000000070ee00000, 0x000000070ee00000, 0x000000070f000000|  0%| F|  |TAMS 0x000000070ee00000| PB 0x000000070ee00000| Untracked 
|  93|0x000000070f000000, 0x000000070f000000, 0x000000070f200000|  0%| F|  |TAMS 0x000000070f000000| PB 0x000000070f000000| Untracked 
|  94|0x000000070f200000, 0x000000070f200000, 0x000000070f400000|  0%| F|  |TAMS 0x000000070f200000| PB 0x000000070f200000| Untracked 
|  95|0x000000070f400000, 0x000000070f400000, 0x000000070f600000|  0%| F|  |TAMS 0x000000070f400000| PB 0x000000070f400000| Untracked 
|  96|0x000000070f600000, 0x000000070f600000, 0x000000070f800000|  0%| F|  |TAMS 0x000000070f600000| PB 0x000000070f600000| Untracked 
|  97|0x000000070f800000, 0x000000070f800000, 0x000000070fa00000|  0%| F|  |TAMS 0x000000070f800000| PB 0x000000070f800000| Untracked 
|  98|0x000000070fa00000, 0x000000070fa00000, 0x000000070fc00000|  0%| F|  |TAMS 0x000000070fa00000| PB 0x000000070fa00000| Untracked 
|  99|0x000000070fc00000, 0x000000070fc00000, 0x000000070fe00000|  0%| F|  |TAMS 0x000000070fc00000| PB 0x000000070fc00000| Untracked 
| 100|0x000000070fe00000, 0x000000070fe00000, 0x0000000710000000|  0%| F|  |TAMS 0x000000070fe00000| PB 0x000000070fe00000| Untracked 
| 101|0x0000000710000000, 0x0000000710000000, 0x0000000710200000|  0%| F|  |TAMS 0x0000000710000000| PB 0x0000000710000000| Untracked 
| 102|0x0000000710200000, 0x0000000710200000, 0x0000000710400000|  0%| F|  |TAMS 0x0000000710200000| PB 0x0000000710200000| Untracked 
| 103|0x0000000710400000, 0x0000000710600000, 0x0000000710600000|100%| S|CS|TAMS 0x0000000710400000| PB 0x0000000710400000| Complete 
| 104|0x0000000710600000, 0x0000000710800000, 0x0000000710800000|100%| S|CS|TAMS 0x0000000710600000| PB 0x0000000710600000| Complete 
| 105|0x0000000710800000, 0x0000000710a00000, 0x0000000710a00000|100%| S|CS|TAMS 0x0000000710800000| PB 0x0000000710800000| Complete 
| 106|0x0000000710a00000, 0x0000000710a00000, 0x0000000710c00000|  0%| F|  |TAMS 0x0000000710a00000| PB 0x0000000710a00000| Untracked 
| 107|0x0000000710c00000, 0x0000000710c00000, 0x0000000710e00000|  0%| F|  |TAMS 0x0000000710c00000| PB 0x0000000710c00000| Untracked 
| 108|0x0000000710e00000, 0x0000000710e00000, 0x0000000711000000|  0%| F|  |TAMS 0x0000000710e00000| PB 0x0000000710e00000| Untracked 
| 109|0x0000000711000000, 0x0000000711000000, 0x0000000711200000|  0%| F|  |TAMS 0x0000000711000000| PB 0x0000000711000000| Untracked 
| 110|0x0000000711200000, 0x0000000711200000, 0x0000000711400000|  0%| F|  |TAMS 0x0000000711200000| PB 0x0000000711200000| Untracked 
| 111|0x0000000711400000, 0x0000000711400000, 0x0000000711600000|  0%| F|  |TAMS 0x0000000711400000| PB 0x0000000711400000| Untracked 
| 112|0x0000000711600000, 0x0000000711600000, 0x0000000711800000|  0%| F|  |TAMS 0x0000000711600000| PB 0x0000000711600000| Untracked 
| 113|0x0000000711800000, 0x000000071187d178, 0x0000000711a00000| 24%| E|  |TAMS 0x0000000711800000| PB 0x0000000711800000| Complete 
| 114|0x0000000711a00000, 0x0000000711c00000, 0x0000000711c00000|100%| E|CS|TAMS 0x0000000711a00000| PB 0x0000000711a00000| Complete 
| 115|0x0000000711c00000, 0x0000000711e00000, 0x0000000711e00000|100%| E|CS|TAMS 0x0000000711c00000| PB 0x0000000711c00000| Complete 
| 116|0x0000000711e00000, 0x0000000712000000, 0x0000000712000000|100%| E|CS|TAMS 0x0000000711e00000| PB 0x0000000711e00000| Complete 
| 117|0x0000000712000000, 0x0000000712200000, 0x0000000712200000|100%| E|  |TAMS 0x0000000712000000| PB 0x0000000712000000| Complete 
| 118|0x0000000712200000, 0x0000000712400000, 0x0000000712400000|100%| E|CS|TAMS 0x0000000712200000| PB 0x0000000712200000| Complete 
| 119|0x0000000712400000, 0x0000000712600000, 0x0000000712600000|100%| E|CS|TAMS 0x0000000712400000| PB 0x0000000712400000| Complete 
| 120|0x0000000712600000, 0x0000000712800000, 0x0000000712800000|100%| E|CS|TAMS 0x0000000712600000| PB 0x0000000712600000| Complete 
| 121|0x0000000712800000, 0x0000000712a00000, 0x0000000712a00000|100%| E|CS|TAMS 0x0000000712800000| PB 0x0000000712800000| Complete 
| 122|0x0000000712a00000, 0x0000000712c00000, 0x0000000712c00000|100%| E|CS|TAMS 0x0000000712a00000| PB 0x0000000712a00000| Complete 
| 123|0x0000000712c00000, 0x0000000712e00000, 0x0000000712e00000|100%| E|CS|TAMS 0x0000000712c00000| PB 0x0000000712c00000| Complete 
| 124|0x0000000712e00000, 0x0000000713000000, 0x0000000713000000|100%| E|CS|TAMS 0x0000000712e00000| PB 0x0000000712e00000| Complete 
| 125|0x0000000713000000, 0x0000000713200000, 0x0000000713200000|100%| E|CS|TAMS 0x0000000713000000| PB 0x0000000713000000| Complete 
| 126|0x0000000713200000, 0x0000000713400000, 0x0000000713400000|100%| E|CS|TAMS 0x0000000713200000| PB 0x0000000713200000| Complete 

Card table byte_map: [0x000001aff4e00000,0x000001aff55f0000] _byte_map_base: 0x000001aff15e5000

Marking Bits: (CMBitMap*) 0x000001afebef5a50
 Bits: [0x000001aff55f0000, 0x000001aff9518000)

Polling page: 0x000001afeb660000

Metaspace:

Usage:
  Non-class:     14.87 MB used.
      Class:      2.71 MB used.
       Both:     17.59 MB used.

Virtual space:
  Non-class space:       64.00 MB reserved,      15.06 MB ( 24%) committed,  1 nodes.
      Class space:        1.00 GB reserved,       2.88 MB ( <1%) committed,  1 nodes.
             Both:        1.06 GB reserved,      17.94 MB (  2%) committed. 

Chunk freelists:
   Non-Class:  208.00 KB
       Class:  13.11 MB
        Both:  13.31 MB

MaxMetaspaceSize: unlimited
CompressedClassSpaceSize: 1.00 GB
Initial GC threshold: 21.00 MB
Current GC threshold: 21.00 MB
CDS: on
 - commit_granule_bytes: 65536.
 - commit_granule_words: 8192.
 - virtual_space_node_default_size: 8388608.
 - enlarge_chunks_in_place: 1.
 - use_allocation_guard: 0.


Internal statistics:

num_allocs_failed_limit: 0.
num_arena_births: 336.
num_arena_deaths: 0.
num_vsnodes_births: 2.
num_vsnodes_deaths: 0.
num_space_committed: 287.
num_space_uncommitted: 0.
num_chunks_returned_to_freelist: 0.
num_chunks_taken_from_freelist: 905.
num_chunk_merges: 0.
num_chunk_splits: 638.
num_chunks_enlarged: 491.
num_inconsistent_stats: 0.

CodeHeap 'non-profiled nmethods': size=120000Kb used=1021Kb max_used=1021Kb free=118978Kb
 bounds [0x000001af87ad0000, 0x000001af87d40000, 0x000001af8f000000]
CodeHeap 'profiled nmethods': size=120000Kb used=5219Kb max_used=5219Kb free=114780Kb
 bounds [0x000001af80000000, 0x000001af80520000, 0x000001af87530000]
CodeHeap 'non-nmethods': size=5760Kb used=2041Kb max_used=2078Kb free=3718Kb
 bounds [0x000001af87530000, 0x000001af877a0000, 0x000001af87ad0000]
 total_blobs=3606 nmethods=2787 adapters=722
 compilation: enabled
              stopped_count=0, restarted_count=0
 full_count=0

Compilation events (20 events):
Event: 280.893 Thread 0x000001affbf6ada0 2780       3       javafx.scene.Scene::pick (149 bytes)
Event: 280.895 Thread 0x000001affbf6ada0 nmethod 2780 0x000001af8050b090 code [0x000001af8050b3c0, 0x000001af8050c738]
Event: 280.895 Thread 0x000001affbf6ada0 2781       3       javafx.scene.ParallelCamera::computePickRay (24 bytes)
Event: 280.897 Thread 0x000001affbf6ada0 nmethod 2781 0x000001af8050cf10 code [0x000001af8050d220, 0x000001af8050e860]
Event: 280.897 Thread 0x000001affbf6ada0 2782       3       com.sun.javafx.scene.input.PickResultChooser::toPickResult (41 bytes)
Event: 280.898 Thread 0x000001affbf6ada0 nmethod 2782 0x000001af8050ef90 code [0x000001af8050f140, 0x000001af8050f398]
Event: 280.907 Thread 0x000001affbf6ada0 2783       3       javafx.scene.Scene$MouseHandler::process (793 bytes)
Event: 280.914 Thread 0x000001affbf6ada0 nmethod 2783 0x000001af8050f490 code [0x000001af8050fac0, 0x000001af805133f8]
Event: 280.934 Thread 0x000001affbf6ada0 2784       3       com.sun.glass.ui.View::notifyMouse (221 bytes)
Event: 280.935 Thread 0x000001affbf61030 2787       4       com.sun.javafx.geom.RectBounds::isEmpty (30 bytes)
Event: 280.936 Thread 0x000001affbf61030 nmethod 2787 0x000001af87bcf390 code [0x000001af87bcf520, 0x000001af87bcf600]
Event: 280.937 Thread 0x000001affbf6ada0 nmethod 2784 0x000001af80514310 code [0x000001af80514620, 0x000001af80515aa8]
Event: 280.937 Thread 0x000001affbf6ada0 2785       3       com.sun.glass.ui.Window::handleMouseEvent (26 bytes)
Event: 280.937 Thread 0x000001affbf6ada0 nmethod 2785 0x000001af80516110 code [0x000001af805162c0, 0x000001af80516478]
Event: 280.937 Thread 0x000001affbf6ada0 2786       3       com.sun.javafx.tk.quantum.GlassViewEventHandler$MouseEventNotification::run (5 bytes)
Event: 280.937 Thread 0x000001affbf6ada0 nmethod 2786 0x000001af80516510 code [0x000001af805166c0, 0x000001af80516818]
Event: 280.955 Thread 0x000001affbf6ada0 2788       3       java.lang.Math::toRadians (6 bytes)
Event: 280.955 Thread 0x000001affbf6ada0 nmethod 2788 0x000001af80516910 code [0x000001af80516ac0, 0x000001af80516bb8]
Event: 281.979 Thread 0x000001affbf6ada0 2789       3       javafx.scene.Scene::getEffectiveCamera (80 bytes)
Event: 281.982 Thread 0x000001affbf6ada0 nmethod 2789 0x000001af80516c90 code [0x000001af80516fe0, 0x000001af805186d0]

GC Heap History (4 events):
Event: 0.600 GC heap before
{Heap before GC invocations=0 (full 0):
 garbage-first heap   total 260096K, used 22528K [0x0000000703600000, 0x0000000800000000)
  region size 2048K, 11 young (22528K), 0 survivors (0K)
 Metaspace       used 4510K, committed 4672K, reserved 1114112K
  class space    used 500K, committed 576K, reserved 1048576K
}
Event: 0.603 GC heap after
{Heap after GC invocations=1 (full 0):
 garbage-first heap   total 260096K, used 2645K [0x0000000703600000, 0x0000000800000000)
  region size 2048K, 2 young (4096K), 2 survivors (4096K)
 Metaspace       used 4510K, committed 4672K, reserved 1114112K
  class space    used 500K, committed 576K, reserved 1048576K
}
Event: 1.185 GC heap before
{Heap before GC invocations=1 (full 0):
 garbage-first heap   total 260096K, used 39509K [0x0000000703600000, 0x0000000800000000)
  region size 2048K, 21 young (43008K), 2 survivors (4096K)
 Metaspace       used 13118K, committed 13440K, reserved 1114112K
  class space    used 1910K, committed 2048K, reserved 1048576K
}
Event: 1.191 GC heap after
{Heap after GC invocations=2 (full 0):
 garbage-first heap   total 260096K, used 6788K [0x0000000703600000, 0x0000000800000000)
  region size 2048K, 3 young (6144K), 3 survivors (6144K)
 Metaspace       used 13118K, committed 13440K, reserved 1114112K
  class space    used 1910K, committed 2048K, reserved 1048576K
}

Dll operation events (20 events):
Event: 0.377 Loaded shared library C:\Users\Admin\.openjfx\cache\21-ea+5\amd64\api-ms-win-crt-locale-l1-1-0.dll
Event: 0.380 Loaded shared library C:\Users\Admin\.openjfx\cache\21-ea+5\amd64\api-ms-win-crt-math-l1-1-0.dll
Event: 0.382 Loaded shared library C:\Users\Admin\.openjfx\cache\21-ea+5\amd64\api-ms-win-crt-multibyte-l1-1-0.dll
Event: 0.386 Loaded shared library C:\Users\Admin\.openjfx\cache\21-ea+5\amd64\api-ms-win-crt-private-l1-1-0.dll
Event: 0.389 Loaded shared library C:\Users\Admin\.openjfx\cache\21-ea+5\amd64\api-ms-win-crt-process-l1-1-0.dll
Event: 0.391 Loaded shared library C:\Users\Admin\.openjfx\cache\21-ea+5\amd64\api-ms-win-crt-runtime-l1-1-0.dll
Event: 0.394 Loaded shared library C:\Users\Admin\.openjfx\cache\21-ea+5\amd64\api-ms-win-crt-stdio-l1-1-0.dll
Event: 0.397 Loaded shared library C:\Users\Admin\.openjfx\cache\21-ea+5\amd64\api-ms-win-crt-string-l1-1-0.dll
Event: 0.401 Loaded shared library C:\Users\Admin\.openjfx\cache\21-ea+5\amd64\api-ms-win-crt-time-l1-1-0.dll
Event: 0.403 Loaded shared library C:\Users\Admin\.openjfx\cache\21-ea+5\amd64\api-ms-win-crt-utility-l1-1-0.dll
Event: 0.417 Loaded shared library C:\Users\Admin\.openjfx\cache\21-ea+5\amd64\ucrtbase.dll
Event: 0.421 Loaded shared library C:\Users\Admin\.openjfx\cache\21-ea+5\amd64\vcruntime140.dll
Event: 0.424 Loaded shared library C:\Users\Admin\.openjfx\cache\21-ea+5\amd64\vcruntime140_1.dll
Event: 0.432 Loaded shared library C:\Users\Admin\.openjfx\cache\21-ea+5\amd64\msvcp140.dll
Event: 0.435 Loaded shared library C:\Users\Admin\.openjfx\cache\21-ea+5\amd64\msvcp140_1.dll
Event: 0.440 Loaded shared library C:\Users\Admin\.openjfx\cache\21-ea+5\amd64\msvcp140_2.dll
Event: 0.478 Loaded shared library C:\Users\Admin\.openjfx\cache\21-ea+5\amd64\prism_d3d.dll
Event: 0.522 Loaded shared library C:\Users\Admin\.openjfx\cache\21-ea+5\amd64\glass.dll
Event: 0.625 Loaded shared library C:\Users\Admin\.jdks\openjdk-21.0.1\bin\jimage.dll
Event: 0.752 Loaded shared library C:\Users\Admin\.openjfx\cache\21-ea+5\amd64\javafx_font.dll

Deoptimization events (20 events):
Event: 1.230 Thread 0x000001afd595a4c0 Uncommon trap: trap_request=0xffffffc6 fr.pc=0x000001af87b23e70 relative=0x0000000000000310
Event: 1.230 Thread 0x000001afd595a4c0 Uncommon trap: reason=bimorphic_or_optimized_type_check action=maybe_recompile pc=0x000001af87b23e70 method=java.util.concurrent.ConcurrentHashMap.get(Ljava/lang/Object;)Ljava/lang/Object; @ 149 c2
Event: 1.230 Thread 0x000001afd595a4c0 DEOPT PACKING pc=0x000001af87b23e70 sp=0x00000039b9afd540
Event: 1.230 Thread 0x000001afd595a4c0 DEOPT UNPACKING pc=0x000001af87587da2 sp=0x00000039b9afd4c0 mode 2
Event: 1.236 Thread 0x000001afd595a4c0 Uncommon trap: trap_request=0xffffff45 fr.pc=0x000001af87b32898 relative=0x00000000000001f8
Event: 1.236 Thread 0x000001afd595a4c0 Uncommon trap: reason=unstable_if action=reinterpret pc=0x000001af87b32898 method=java.io.ByteArrayInputStream.read()I @ 8 c2
Event: 1.236 Thread 0x000001afd595a4c0 DEOPT PACKING pc=0x000001af87b32898 sp=0x00000039b9afc030
Event: 1.236 Thread 0x000001afd595a4c0 DEOPT UNPACKING pc=0x000001af87587da2 sp=0x00000039b9afbfd8 mode 2
Event: 1.245 Thread 0x000001afd595a4c0 Uncommon trap: trap_request=0xffffffc6 fr.pc=0x000001af87b23e70 relative=0x0000000000000310
Event: 1.245 Thread 0x000001afd595a4c0 Uncommon trap: reason=bimorphic_or_optimized_type_check action=maybe_recompile pc=0x000001af87b23e70 method=java.util.concurrent.ConcurrentHashMap.get(Ljava/lang/Object;)Ljava/lang/Object; @ 149 c2
Event: 1.245 Thread 0x000001afd595a4c0 DEOPT PACKING pc=0x000001af87b23e70 sp=0x00000039b9afd5c0
Event: 1.245 Thread 0x000001afd595a4c0 DEOPT UNPACKING pc=0x000001af87587da2 sp=0x00000039b9afd540 mode 2
Event: 2.323 Thread 0x000001afd5848330 DEOPT PACKING pc=0x000001af803827d2 sp=0x00000039b96fdca0
Event: 2.323 Thread 0x000001afd5848330 DEOPT UNPACKING pc=0x000001af875888e2 sp=0x00000039b96fd0f8 mode 0
Event: 2.681 Thread 0x000001afd5848330 DEOPT PACKING pc=0x000001af803827d2 sp=0x00000039b96fd9c0
Event: 2.681 Thread 0x000001afd5848330 DEOPT UNPACKING pc=0x000001af875888e2 sp=0x00000039b96fce18 mode 0
Event: 2.691 Thread 0x000001afd5848330 DEOPT PACKING pc=0x000001af803827d2 sp=0x00000039b96fdca0
Event: 2.691 Thread 0x000001afd5848330 DEOPT UNPACKING pc=0x000001af875888e2 sp=0x00000039b96fd0f8 mode 0
Event: 2.705 Thread 0x000001afd5848330 DEOPT PACKING pc=0x000001af803827d2 sp=0x00000039b96fdca0
Event: 2.705 Thread 0x000001afd5848330 DEOPT UNPACKING pc=0x000001af875888e2 sp=0x00000039b96fd0f8 mode 0

Classes loaded (20 events):
Event: 2.467 Loading class java/util/BitSet
Event: 2.467 Loading class java/util/BitSet done
Event: 2.480 Loading class sun/reflect/generics/tree/BottomSignature
Event: 2.480 Loading class sun/reflect/generics/tree/BottomSignature done
Event: 2.480 Loading class sun/reflect/generics/tree/Wildcard
Event: 2.480 Loading class sun/reflect/generics/tree/Wildcard done
Event: 2.480 Loading class sun/reflect/generics/reflectiveObjects/WildcardTypeImpl
Event: 2.480 Loading class java/lang/reflect/WildcardType
Event: 2.480 Loading class java/lang/reflect/WildcardType done
Event: 2.480 Loading class sun/reflect/generics/reflectiveObjects/WildcardTypeImpl done
Event: 2.522 Loading class java/util/BitSet$1BitSetSpliterator
Event: 2.522 Loading class java/util/BitSet$1BitSetSpliterator done
Event: 2.523 Loading class java/util/stream/IntPipeline$1
Event: 2.523 Loading class java/util/stream/IntPipeline$1 done
Event: 2.523 Loading class java/util/stream/IntPipeline$1$1
Event: 2.523 Loading class java/util/stream/IntPipeline$1$1 done
Event: 2.690 Loading class java/lang/FdLibm$Atan2
Event: 2.690 Loading class java/lang/FdLibm$Atan2 done
Event: 496.363 Loading class jdk/internal/misc/Signal$1
Event: 496.363 Loading class jdk/internal/misc/Signal$1 done

Classes unloaded (0 events):
No events

Classes redefined (0 events):
No events

Internal exceptions (20 events):
Event: 0.912 Thread 0x000001afd595a4c0 Exception <a 'java/lang/NoSuchMethodError'{0x0000000711f05408}: 'int java.lang.invoke.DirectMethodHandle$Holder.invokeSpecial(java.lang.Object, java.lang.Object, java.lang.Object, int)'> (0x0000000711f05408) 
thrown [s\open\src\hotspot\share\interpreter\linkResolver.cpp, line 773]
Event: 0.913 Thread 0x000001afd595a4c0 Exception <a 'java/lang/NoSuchMethodError'{0x0000000711f0f2e0}: 'void java.lang.invoke.DelegatingMethodHandle$Holder.reinvoke_L(java.lang.Object, java.lang.Object, int)'> (0x0000000711f0f2e0) 
thrown [s\open\src\hotspot\share\interpreter\linkResolver.cpp, line 773]
Event: 0.916 Thread 0x000001afd595a4c0 Exception <a 'java/lang/NoSuchMethodError'{0x0000000711f15fc0}: 'int java.lang.invoke.DirectMethodHandle$Holder.invokeSpecial(java.lang.Object, java.lang.Object, java.lang.Object)'> (0x0000000711f15fc0) 
thrown [s\open\src\hotspot\share\interpreter\linkResolver.cpp, line 773]
Event: 0.967 Thread 0x000001afd595a4c0 Exception <a 'sun/nio/fs/WindowsException'{0x000000071164a180}> (0x000000071164a180) 
thrown [s\open\src\hotspot\share\prims\jni.cpp, line 520]
Event: 0.973 Thread 0x000001afd595a4c0 Implicit null exception at 0x000001af87aefa66 to 0x000001af87aefb0a
Event: 1.007 Thread 0x000001afd595a4c0 Implicit null exception at 0x000001af87b36abd to 0x000001af87b36d6c
Event: 1.007 Thread 0x000001afd595a4c0 Implicit null exception at 0x000001af87b3d63d to 0x000001af87b3d8e8
Event: 1.043 Thread 0x000001affbf58420 Exception <a 'sun/nio/fs/WindowsException'{0x00000007112c4880}> (0x00000007112c4880) 
thrown [s\open\src\hotspot\share\prims\jni.cpp, line 520]
Event: 1.101 Thread 0x000001afd595a4c0 Exception <a 'java/lang/IncompatibleClassChangeError'{0x0000000710ed2848}: Found class java.lang.Object, but interface was expected> (0x0000000710ed2848) 
thrown [s\open\src\hotspot\share\interpreter\linkResolver.cpp, line 840]
Event: 1.148 Thread 0x000001afd595a4c0 Exception <a 'java/lang/ClassNotFoundException'{0x0000000710de6f48}: com/sun/javafx/scene/control/skin/resources/controls> (0x0000000710de6f48) 
thrown [s\open\src\hotspot\share\prims\jni.cpp, line 539]
Event: 1.148 Thread 0x000001afd595a4c0 Exception <a 'java/lang/ClassNotFoundException'{0x0000000710df5148}: com/sun/javafx/scene/control/skin/resources/controls_ru> (0x0000000710df5148) 
thrown [s\open\src\hotspot\share\prims\jni.cpp, line 539]
Event: 1.149 Thread 0x000001afd595a4c0 Exception <a 'java/lang/ClassNotFoundException'{0x0000000710df60f0}: com/sun/javafx/scene/control/skin/resources/controls_ru_RU> (0x0000000710df60f0) 
thrown [s\open\src\hotspot\share\prims\jni.cpp, line 539]
Event: 1.178 Thread 0x000001afd595a4c0 Exception <a 'java/lang/NoSuchMethodError'{0x0000000710b8f500}: 'void java.lang.invoke.DirectMethodHandle$Holder.invokeSpecial(java.lang.Object, java.lang.Object, java.lang.Object, java.lang.Object, java.lang.Object, java.lang.Object)'> (0x0000000710b8f500) 
thrown [s\open\src\hotspot\share\interpreter\linkResolver.cpp, line 773]
Event: 1.241 Thread 0x000001afd595a4c0 Exception <a 'java/lang/NoSuchMethodError'{0x0000000712e68a48}: 'int java.lang.invoke.DirectMethodHandle$Holder.invokeSpecial(java.lang.Object, java.lang.Object, int)'> (0x0000000712e68a48) 
thrown [s\open\src\hotspot\share\interpreter\linkResolver.cpp, line 773]
Event: 1.252 Thread 0x000001afd595a4c0 Exception <a 'java/lang/NoSuchMethodError'{0x0000000712e9d560}: 'java.lang.Object java.lang.invoke.DirectMethodHandle$Holder.newInvokeSpecial(java.lang.Object, java.lang.Object, int)'> (0x0000000712e9d560) 
thrown [s\open\src\hotspot\share\interpreter\linkResolver.cpp, line 773]
Event: 1.291 Thread 0x000001afd5848330 Exception <a 'java/lang/NoSuchMethodError'{0x0000000712fda598}: 'int java.lang.invoke.DirectMethodHandle$Holder.invokeStaticInit(java.lang.Object, java.lang.Object)'> (0x0000000712fda598) 
thrown [s\open\src\hotspot\share\interpreter\linkResolver.cpp, line 773]
Event: 2.309 Thread 0x000001afd595a4c0 Exception <a 'java/lang/NoSuchMethodError'{0x0000000712873af8}: 'long java.lang.invoke.DirectMethodHandle$Holder.invokeStatic(java.lang.Object, java.lang.Object, java.lang.Object)'> (0x0000000712873af8) 
thrown [s\open\src\hotspot\share\interpreter\linkResolver.cpp, line 773]
Event: 2.310 Thread 0x000001afd595a4c0 Exception <a 'java/lang/NoSuchMethodError'{0x0000000712876ec8}: 'long java.lang.invoke.DirectMethodHandle$Holder.invokeStaticInit(java.lang.Object, java.lang.Object, java.lang.Object)'> (0x0000000712876ec8) 
thrown [s\open\src\hotspot\share\interpreter\linkResolver.cpp, line 773]
Event: 2.313 Thread 0x000001afd595a4c0 Exception <a 'java/lang/NoSuchMethodError'{0x000000071288b4c0}: 'java.lang.Object java.lang.invoke.DirectMethodHandle$Holder.newInvokeSpecial(java.lang.Object, java.lang.Object, long)'> (0x000000071288b4c0) 
thrown [s\open\src\hotspot\share\interpreter\linkResolver.cpp, line 773]
Event: 2.314 Thread 0x000001afd595a4c0 Exception <a 'java/lang/NoSuchMethodError'{0x000000071288edb8}: 'java.lang.Object java.lang.invoke.Invokers$Holder.linkToTargetMethod(java.lang.Object, long, java.lang.Object)'> (0x000000071288edb8) 
thrown [s\open\src\hotspot\share\interpreter\linkResolver.cpp, line 773]

ZGC Phase Switch (0 events):
No events

VM Operations (20 events):
Event: 1.191 Executing VM operation: G1CollectForAllocation (G1 Evacuation Pause) done
Event: 2.191 Executing VM operation: Cleanup
Event: 2.191 Executing VM operation: Cleanup done
Event: 2.523 Executing VM operation: HandshakeAllThreads (Deoptimize)
Event: 2.523 Executing VM operation: HandshakeAllThreads (Deoptimize) done
Event: 2.635 Executing VM operation: ICBufferFull
Event: 2.635 Executing VM operation: ICBufferFull done
Event: 3.635 Executing VM operation: Cleanup
Event: 3.635 Executing VM operation: Cleanup done
Event: 5.636 Executing VM operation: Cleanup
Event: 5.636 Executing VM operation: Cleanup done
Event: 60.158 Executing VM operation: HandshakeAllThreads (HandshakeForDeflation)
Event: 60.158 Executing VM operation: HandshakeAllThreads (HandshakeForDeflation) done
Event: 60.158 Executing VM operation: RendezvousGCThreads
Event: 60.158 Executing VM operation: RendezvousGCThreads done
Event: 281.225 Executing VM operation: Cleanup
Event: 281.225 Executing VM operation: Cleanup done
Event: 491.293 Executing VM operation: Cleanup
Event: 491.293 Executing VM operation: Cleanup done
Event: 496.366 Executing VM operation: Exit

Events (20 events):
Event: 0.467 Thread 0x000001afd5848330 Thread added: 0x000001afd5848330
Event: 0.524 Thread 0x000001afd4eef850 Thread added: 0x000001afd4eef850
Event: 0.528 Thread 0x000001afd595a4c0 Thread added: 0x000001afd595a4c0
Event: 0.593 Thread 0x000001afd54492a0 Thread added: 0x000001afd54492a0
Event: 0.595 Thread 0x000001afd5449910 Thread added: 0x000001afd5449910
Event: 1.095 Thread 0x000001afd59067d0 Thread added: 0x000001afd59067d0
Event: 1.310 Thread 0x000001afd5904070 Thread added: 0x000001afd5904070
Event: 1.475 Thread 0x000001affbf6a6d0 Thread exited: 0x000001affbf6a6d0
Event: 2.484 Thread 0x000001affbf69260 Thread added: 0x000001affbf69260
Event: 2.666 Thread 0x000001affbf6a000 Thread added: 0x000001affbf6a000
Event: 2.829 Thread 0x000001affbf6a000 Thread exited: 0x000001affbf6a000
Event: 2.829 Thread 0x000001affbf69260 Thread exited: 0x000001affbf69260
Event: 3.845 Thread 0x000001affbf6a6d0 Thread added: 0x000001affbf6a6d0
Event: 4.420 Thread 0x000001affbf6a6d0 Thread exited: 0x000001affbf6a6d0
Event: 496.363 Thread 0x000001afd5905ab0 Thread added: 0x000001afd5905ab0
Event: 496.364 Thread 0x000001afd5905420 Thread added: 0x000001afd5905420
Event: 496.364 Thread 0x000001afd5906140 Thread added: 0x000001afd5906140
Event: 496.364 Thread 0x000001afd5906140 Thread exited: 0x000001afd5906140
Event: 496.366 Thread 0x000001afd5905420 Thread exited: 0x000001afd5905420
Event: 496.366 Thread 0x000001affbf55330 Thread exited: 0x000001affbf55330


Dynamic libraries:
0x00007ff719b10000 - 0x00007ff719b1e000 	C:\Users\Admin\.jdks\openjdk-21.0.1\bin\java.exe
0x00007ffdb2590000 - 0x00007ffdb27a7000 	C:\Windows\SYSTEM32\ntdll.dll
0x00007ffdb14e0000 - 0x00007ffdb15a4000 	C:\Windows\System32\KERNEL32.DLL
0x00007ffdafb30000 - 0x00007ffdafed5000 	C:\Windows\System32\KERNELBASE.dll
0x00007ffdb0190000 - 0x00007ffdb02a1000 	C:\Windows\System32\ucrtbase.dll
0x00007ffd9a750000 - 0x00007ffd9a768000 	C:\Users\Admin\.jdks\openjdk-21.0.1\bin\jli.dll
0x00007ffdb0e50000 - 0x00007ffdb0ffe000 	C:\Windows\System32\USER32.dll
0x00007ffdb02b0000 - 0x00007ffdb02d6000 	C:\Windows\System32\win32u.dll
0x00007ffdb1630000 - 0x00007ffdb1659000 	C:\Windows\System32\GDI32.dll
0x00007ffdaf970000 - 0x00007ffdafa89000 	C:\Windows\System32\gdi32full.dll
0x00007ffdafa90000 - 0x00007ffdafb2a000 	C:\Windows\System32\msvcp_win.dll
0x00007ffd9a620000 - 0x00007ffd9a63b000 	C:\Users\Admin\.jdks\openjdk-21.0.1\bin\VCRUNTIME140.dll
0x00007ffd8d130000 - 0x00007ffd8d3c3000 	C:\Windows\WinSxS\amd64_microsoft.windows.common-controls_6595b64144ccf1df_6.0.22621.2506_none_270c5ae97388e100\COMCTL32.dll
0x00007ffdb1660000 - 0x00007ffdb1707000 	C:\Windows\System32\msvcrt.dll
0x00007ffdb18b0000 - 0x00007ffdb18e1000 	C:\Windows\System32\IMM32.DLL
0x00007ffd9c0d0000 - 0x00007ffd9c0dc000 	C:\Users\Admin\.jdks\openjdk-21.0.1\bin\vcruntime140_1.dll
0x00007ffd87600000 - 0x00007ffd8768e000 	C:\Users\Admin\.jdks\openjdk-21.0.1\bin\msvcp140.dll
0x00007ffd322a0000 - 0x00007ffd32fb5000 	C:\Users\Admin\.jdks\openjdk-21.0.1\bin\server\jvm.dll
0x00007ffdb0a40000 - 0x00007ffdb0af1000 	C:\Windows\System32\ADVAPI32.dll
0x00007ffdb1790000 - 0x00007ffdb1836000 	C:\Windows\System32\sechost.dll
0x00007ffdb0d30000 - 0x00007ffdb0e47000 	C:\Windows\System32\RPCRT4.dll
0x00007ffdb1b20000 - 0x00007ffdb1b91000 	C:\Windows\System32\WS2_32.dll
0x00007ffdae790000 - 0x00007ffdae7dd000 	C:\Windows\SYSTEM32\POWRPROF.dll
0x00007ffda7b80000 - 0x00007ffda7bb4000 	C:\Windows\SYSTEM32\WINMM.dll
0x00007ffda81e0000 - 0x00007ffda81ea000 	C:\Windows\SYSTEM32\VERSION.dll
0x00007ffdae760000 - 0x00007ffdae773000 	C:\Windows\SYSTEM32\UMPDC.dll
0x00007ffdae9f0000 - 0x00007ffdaea08000 	C:\Windows\SYSTEM32\kernel.appcore.dll
0x00007ffd9a740000 - 0x00007ffd9a74a000 	C:\Users\Admin\.jdks\openjdk-21.0.1\bin\jimage.dll
0x00007ffda7360000 - 0x00007ffda7593000 	C:\Windows\SYSTEM32\DBGHELP.DLL
0x00007ffdb1150000 - 0x00007ffdb14d9000 	C:\Windows\System32\combase.dll
0x00007ffdb0480000 - 0x00007ffdb0557000 	C:\Windows\System32\OLEAUT32.dll
0x00007ffd93840000 - 0x00007ffd93872000 	C:\Windows\SYSTEM32\dbgcore.DLL
0x00007ffdaffa0000 - 0x00007ffdb001a000 	C:\Windows\System32\bcryptPrimitives.dll
0x00007ffd91a50000 - 0x00007ffd91a5f000 	C:\Users\Admin\.jdks\openjdk-21.0.1\bin\instrument.dll
0x00007ffd9a4f0000 - 0x00007ffd9a50f000 	C:\Users\Admin\.jdks\openjdk-21.0.1\bin\java.dll
0x00007ffdb1cf0000 - 0x00007ffdb2549000 	C:\Windows\System32\SHELL32.dll
0x00007ffdad820000 - 0x00007ffdae114000 	C:\Windows\SYSTEM32\windows.storage.dll
0x00007ffdad6e0000 - 0x00007ffdad81e000 	C:\Windows\SYSTEM32\wintypes.dll
0x00007ffdb0b20000 - 0x00007ffdb0c13000 	C:\Windows\System32\SHCORE.dll
0x00007ffdb09e0000 - 0x00007ffdb0a3e000 	C:\Windows\System32\shlwapi.dll
0x00007ffdaf830000 - 0x00007ffdaf856000 	C:\Windows\SYSTEM32\profapi.dll
0x00007ffd80600000 - 0x00007ffd806d7000 	C:\Users\Admin\.jdks\openjdk-21.0.1\bin\jsvml.dll
0x00007ffd9a480000 - 0x00007ffd9a490000 	C:\Users\Admin\.jdks\openjdk-21.0.1\bin\net.dll
0x00007ffdaaa50000 - 0x00007ffdaab87000 	C:\Windows\SYSTEM32\WINHTTP.dll
0x00007ffdaee70000 - 0x00007ffdaeed9000 	C:\Windows\system32\mswsock.dll
0x00007ffd99a90000 - 0x00007ffd99aa6000 	C:\Users\Admin\.jdks\openjdk-21.0.1\bin\nio.dll
0x00007ffd99270000 - 0x00007ffd99288000 	C:\Users\Admin\.jdks\openjdk-21.0.1\bin\zip.dll
0x00007ffd8baa0000 - 0x00007ffd8baba000 	C:\Program Files\JetBrains\IntelliJ IDEA Community Edition 2023.2\bin\breakgen64.dll
0x000001afd6cd0000 - 0x000001afd6cd3000 	C:\Users\Admin\.openjfx\cache\21-ea+5\amd64\api-ms-win-core-console-l1-1-0.dll
0x000001afd7030000 - 0x000001afd7033000 	C:\Users\Admin\.openjfx\cache\21-ea+5\amd64\api-ms-win-core-console-l1-2-0.dll
0x000001afd6ce0000 - 0x000001afd6ce3000 	C:\Users\Admin\.openjfx\cache\21-ea+5\amd64\api-ms-win-core-datetime-l1-1-0.dll
0x000001afd6cf0000 - 0x000001afd6cf3000 	C:\Users\Admin\.openjfx\cache\21-ea+5\amd64\api-ms-win-core-debug-l1-1-0.dll
0x000001afd6d00000 - 0x000001afd6d03000 	C:\Users\Admin\.openjfx\cache\21-ea+5\amd64\api-ms-win-core-errorhandling-l1-1-0.dll
0x000001afd6d10000 - 0x000001afd6d14000 	C:\Users\Admin\.openjfx\cache\21-ea+5\amd64\api-ms-win-core-file-l1-1-0.dll
0x000001afd6d20000 - 0x000001afd6d23000 	C:\Users\Admin\.openjfx\cache\21-ea+5\amd64\api-ms-win-core-file-l1-2-0.dll
0x000001afd6d30000 - 0x000001afd6d33000 	C:\Users\Admin\.openjfx\cache\21-ea+5\amd64\api-ms-win-core-file-l2-1-0.dll
0x000001afd6d40000 - 0x000001afd6d43000 	C:\Users\Admin\.openjfx\cache\21-ea+5\amd64\api-ms-win-core-handle-l1-1-0.dll
0x000001afd6d50000 - 0x000001afd6d53000 	C:\Users\Admin\.openjfx\cache\21-ea+5\amd64\api-ms-win-core-heap-l1-1-0.dll
0x000001afd6d60000 - 0x000001afd6d63000 	C:\Users\Admin\.openjfx\cache\21-ea+5\amd64\api-ms-win-core-interlocked-l1-1-0.dll
0x000001afd6d70000 - 0x000001afd6d73000 	C:\Users\Admin\.openjfx\cache\21-ea+5\amd64\api-ms-win-core-libraryloader-l1-1-0.dll
0x000001afd6ea0000 - 0x000001afd6ea3000 	C:\Users\Admin\.openjfx\cache\21-ea+5\amd64\api-ms-win-core-localization-l1-2-0.dll
0x000001afd6eb0000 - 0x000001afd6eb3000 	C:\Users\Admin\.openjfx\cache\21-ea+5\amd64\api-ms-win-core-memory-l1-1-0.dll
0x000001afd6ec0000 - 0x000001afd6ec3000 	C:\Users\Admin\.openjfx\cache\21-ea+5\amd64\api-ms-win-core-namedpipe-l1-1-0.dll
0x000001afd6ed0000 - 0x000001afd6ed3000 	C:\Users\Admin\.openjfx\cache\21-ea+5\amd64\api-ms-win-core-processenvironment-l1-1-0.dll
0x000001afd6ee0000 - 0x000001afd6ee3000 	C:\Users\Admin\.openjfx\cache\21-ea+5\amd64\api-ms-win-core-processthreads-l1-1-0.dll
0x000001afd6ef0000 - 0x000001afd6ef3000 	C:\Users\Admin\.openjfx\cache\21-ea+5\amd64\api-ms-win-core-processthreads-l1-1-1.dll
0x000001afd6f00000 - 0x000001afd6f03000 	C:\Users\Admin\.openjfx\cache\21-ea+5\amd64\api-ms-win-core-profile-l1-1-0.dll
0x000001afd7040000 - 0x000001afd7043000 	C:\Users\Admin\.openjfx\cache\21-ea+5\amd64\api-ms-win-core-rtlsupport-l1-1-0.dll
0x000001afd7050000 - 0x000001afd7053000 	C:\Users\Admin\.openjfx\cache\21-ea+5\amd64\api-ms-win-core-string-l1-1-0.dll
0x000001afd7060000 - 0x000001afd7063000 	C:\Users\Admin\.openjfx\cache\21-ea+5\amd64\api-ms-win-core-synch-l1-1-0.dll
0x000001afd7070000 - 0x000001afd7073000 	C:\Users\Admin\.openjfx\cache\21-ea+5\amd64\api-ms-win-core-synch-l1-2-0.dll
0x000001afd7080000 - 0x000001afd7083000 	C:\Users\Admin\.openjfx\cache\21-ea+5\amd64\api-ms-win-core-sysinfo-l1-1-0.dll
0x000001afd6e90000 - 0x000001afd6e93000 	C:\Users\Admin\.openjfx\cache\21-ea+5\amd64\api-ms-win-core-timezone-l1-1-0.dll
0x000001afd6f10000 - 0x000001afd6f13000 	C:\Users\Admin\.openjfx\cache\21-ea+5\amd64\api-ms-win-core-util-l1-1-0.dll
0x000001afd6f20000 - 0x000001afd6f23000 	C:\Users\Admin\.openjfx\cache\21-ea+5\amd64\api-ms-win-crt-conio-l1-1-0.dll
0x000001afd6f30000 - 0x000001afd6f34000 	C:\Users\Admin\.openjfx\cache\21-ea+5\amd64\api-ms-win-crt-convert-l1-1-0.dll
0x000001afd6f40000 - 0x000001afd6f43000 	C:\Users\Admin\.openjfx\cache\21-ea+5\amd64\api-ms-win-crt-environment-l1-1-0.dll
0x000001afd6f50000 - 0x000001afd6f53000 	C:\Users\Admin\.openjfx\cache\21-ea+5\amd64\api-ms-win-crt-filesystem-l1-1-0.dll
0x000001afd6f60000 - 0x000001afd6f63000 	C:\Users\Admin\.openjfx\cache\21-ea+5\amd64\api-ms-win-crt-heap-l1-1-0.dll
0x000001afd6f70000 - 0x000001afd6f73000 	C:\Users\Admin\.openjfx\cache\21-ea+5\amd64\api-ms-win-crt-locale-l1-1-0.dll
0x000001afd6d80000 - 0x000001afd6d85000 	C:\Users\Admin\.openjfx\cache\21-ea+5\amd64\api-ms-win-crt-math-l1-1-0.dll
0x000001afd6d90000 - 0x000001afd6d95000 	C:\Users\Admin\.openjfx\cache\21-ea+5\amd64\api-ms-win-crt-multibyte-l1-1-0.dll
0x000001afd6da0000 - 0x000001afd6db0000 	C:\Users\Admin\.openjfx\cache\21-ea+5\amd64\api-ms-win-crt-private-l1-1-0.dll
0x000001afd6db0000 - 0x000001afd6db3000 	C:\Users\Admin\.openjfx\cache\21-ea+5\amd64\api-ms-win-crt-process-l1-1-0.dll
0x000001afd6dc0000 - 0x000001afd6dc4000 	C:\Users\Admin\.openjfx\cache\21-ea+5\amd64\api-ms-win-crt-runtime-l1-1-0.dll
0x000001afd6dd0000 - 0x000001afd6dd4000 	C:\Users\Admin\.openjfx\cache\21-ea+5\amd64\api-ms-win-crt-stdio-l1-1-0.dll
0x000001afd6de0000 - 0x000001afd6de4000 	C:\Users\Admin\.openjfx\cache\21-ea+5\amd64\api-ms-win-crt-string-l1-1-0.dll
0x000001afd6df0000 - 0x000001afd6df3000 	C:\Users\Admin\.openjfx\cache\21-ea+5\amd64\api-ms-win-crt-time-l1-1-0.dll
0x000001afd6e00000 - 0x000001afd6e03000 	C:\Users\Admin\.openjfx\cache\21-ea+5\amd64\api-ms-win-crt-utility-l1-1-0.dll
0x00007ffd80500000 - 0x00007ffd805fc000 	C:\Users\Admin\.openjfx\cache\21-ea+5\amd64\ucrtbase.dll
0x00007ffd8a810000 - 0x00007ffd8a82b000 	C:\Users\Admin\.openjfx\cache\21-ea+5\amd64\vcruntime140.dll
0x00007ffd91880000 - 0x00007ffd9188c000 	C:\Users\Admin\.openjfx\cache\21-ea+5\amd64\vcruntime140_1.dll
0x00007ffd80470000 - 0x00007ffd804fe000 	C:\Users\Admin\.openjfx\cache\21-ea+5\amd64\msvcp140.dll
0x00007ffd91330000 - 0x00007ffd91339000 	C:\Users\Admin\.openjfx\cache\21-ea+5\amd64\msvcp140_1.dll
0x00007ffd8a7e0000 - 0x00007ffd8a810000 	C:\Users\Admin\.openjfx\cache\21-ea+5\amd64\msvcp140_2.dll
0x00007ffd8a490000 - 0x00007ffd8a4bf000 	C:\Users\Admin\.openjfx\cache\21-ea+5\amd64\prism_d3d.dll
0x00007ffd6dc80000 - 0x00007ffd6de29000 	C:\Windows\system32\d3d9.dll
0x00007ffdad070000 - 0x00007ffdad09b000 	C:\Windows\SYSTEM32\dwmapi.dll
0x00007ffdacef0000 - 0x00007ffdacf26000 	C:\Windows\SYSTEM32\dxcore.dll
0x00007ffdacde0000 - 0x00007ffdace8b000 	C:\Windows\system32\uxtheme.dll
0x00007ffd761a0000 - 0x00007ffd76305000 	C:\Windows\System32\DriverStore\FileRepository\iigd_dch.inf_amd64_225f37aa3862fc3f\igdumdim64.dll
0x00007ffdb02e0000 - 0x00007ffdb0480000 	C:\Windows\System32\ole32.dll
0x00007ffd3fda0000 - 0x00007ffd439f6000 	C:\Windows\System32\DriverStore\FileRepository\iigd_dch.inf_amd64_225f37aa3862fc3f\igd9dxva64.dll
0x00007ffdb0560000 - 0x00007ffdb09d4000 	C:\Windows\System32\SETUPAPI.dll
0x00007ffdaf5f0000 - 0x00007ffdaf63e000 	C:\Windows\SYSTEM32\cfgmgr32.dll
0x00007ffda7610000 - 0x00007ffda79d1000 	C:\Windows\System32\DriverStore\FileRepository\iigd_dch.inf_amd64_225f37aa3862fc3f\igdgmm64.dll
0x00007ffdaaa00000 - 0x00007ffdaaa4a000 	C:\Windows\SYSTEM32\directxdatabasehelper.dll
0x00007ffd87540000 - 0x00007ffd87582000 	C:\Users\Admin\.openjfx\cache\21-ea+5\amd64\glass.dll
0x00007ffdb0c30000 - 0x00007ffdb0d29000 	C:\Windows\System32\COMDLG32.dll
0x00007ffdb1000000 - 0x00007ffdb114f000 	C:\Windows\System32\MSCTF.dll
0x00007ffd802f0000 - 0x00007ffd80317000 	C:\Windows\System32\DriverStore\FileRepository\iigd_dch.inf_amd64_225f37aa3862fc3f\igdinfo64.dll
0x00007ffd9f250000 - 0x00007ffda2456000 	C:\Windows\System32\DriverStore\FileRepository\iigd_dch.inf_amd64_225f37aa3862fc3f\igc64.dll
0x00007ffd87520000 - 0x00007ffd87534000 	C:\Users\Admin\.openjfx\cache\21-ea+5\amd64\javafx_font.dll
0x00007ffdab480000 - 0x00007ffdab6f3000 	C:\Windows\SYSTEM32\dwrite.dll
0x00007ffdb1ba0000 - 0x00007ffdb1c50000 	C:\Windows\System32\clbcatq.dll
0x00007ffdab2c0000 - 0x00007ffdab470000 	C:\Windows\SYSTEM32\WindowsCodecs.dll
0x00007ffd9cf30000 - 0x00007ffd9cf8e000 	C:\Windows\system32\dataexchange.dll
0x00007ffda9060000 - 0x00007ffda92e5000 	C:\Windows\system32\twinapi.appcore.dll
0x00007ffd87480000 - 0x00007ffd874b2000 	C:\Program Files\Common Files\Microsoft Shared\Ink\rtscom.dll
0x00007ffd979a0000 - 0x00007ffd97aea000 	C:\Windows\SYSTEM32\textinputframework.dll
0x00007ffdac860000 - 0x00007ffdac993000 	C:\Windows\SYSTEM32\CoreMessaging.dll
0x00007ffdaa3e0000 - 0x00007ffdaa74c000 	C:\Windows\SYSTEM32\CoreUIComponents.dll
0x00007ffdaf0e0000 - 0x00007ffdaf0ec000 	C:\Windows\SYSTEM32\CRYPTBASE.DLL

dbghelp: loaded successfully - version: 4.0.5 - missing functions: none
symbol engine: initialized successfully - sym options: 0x614 - pdb path: .;C:\Users\Admin\.jdks\openjdk-21.0.1\bin;C:\Windows\SYSTEM32;C:\Windows\WinSxS\amd64_microsoft.windows.common-controls_6595b64144ccf1df_6.0.22621.2506_none_270c5ae97388e100;C:\Users\Admin\.jdks\openjdk-21.0.1\bin\server;C:\Program Files\JetBrains\IntelliJ IDEA Community Edition 2023.2\bin;C:\Users\Admin\.openjfx\cache\21-ea+5\amd64;C:\Windows\System32\DriverStore\FileRepository\iigd_dch.inf_amd64_225f37aa3862fc3f;C:\Program Files\Common Files\Microsoft Shared\Ink

VM Arguments:
jvm_args: -javaagent:C:\Program Files\JetBrains\IntelliJ IDEA Community Edition 2023.2\lib\idea_rt.jar=45258:C:\Program Files\JetBrains\IntelliJ IDEA Community Edition 2023.2\bin -Dfile.encoding=UTF-8 -Dsun.stdout.encoding=UTF-8 -Dsun.stderr.encoding=UTF-8 --module-path=C:\Users\Admin\.m2\repository\org\openjfx\javafx-controls\21-ea+5\javafx-controls-21-ea+5-win.jar;C:\Users\Admin\.m2\repository\org\openjfx\javafx-graphics\21-ea+5\javafx-graphics-21-ea+5-win.jar;C:\Users\Admin\.m2\repository\org\openjfx\javafx-base\21-ea+5\javafx-base-21-ea+5-win.jar;C:\Users\Admin\.m2\repository\org\openjfx\javafx-fxml\21-ea+5\javafx-fxml-21-ea+5-win.jar;C:\Users\Admin\IdeaProjects\Algorithms\target\classes -Djdk.module.main=com.example.algorithms 
java_command: com.example.algorithms/com.example.algorithms.HelloApplication
java_class_path (initial): C:\Users\Admin\.m2\repository\org\openjfx\javafx-controls\21-ea+5\javafx-controls-21-ea+5.jar;C:\Users\Admin\.m2\repository\org\openjfx\javafx-graphics\21-ea+5\javafx-graphics-21-ea+5.jar;C:\Users\Admin\.m2\repository\org\openjfx\javafx-base\21-ea+5\javafx-base-21-ea+5.jar;C:\Users\Admin\.m2\repository\org\openjfx\javafx-fxml\21-ea+5\javafx-fxml-21-ea+5.jar
Launcher Type: SUN_STANDARD

[Global flags]
     intx CICompilerCount                          = 4                                         {product} {ergonomic}
     uint ConcGCThreads                            = 2                                         {product} {ergonomic}
     uint G1ConcRefinementThreads                  = 8                                         {product} {ergonomic}
   size_t G1HeapRegionSize                         = 2097152                                   {product} {ergonomic}
    uintx GCDrainStackTargetSize                   = 64                                        {product} {ergonomic}
   size_t InitialHeapSize                          = 266338304                                 {product} {ergonomic}
   size_t MarkStackSize                            = 4194304                                   {product} {ergonomic}
   size_t MaxHeapSize                              = 4238344192                                {product} {ergonomic}
   size_t MaxNewSize                               = 2541748224                                {product} {ergonomic}
   size_t MinHeapDeltaBytes                        = 2097152                                   {product} {ergonomic}
   size_t MinHeapSize                              = 8388608                                   {product} {ergonomic}
    uintx NonNMethodCodeHeapSize                   = 5839372                                {pd product} {ergonomic}
    uintx NonProfiledCodeHeapSize                  = 122909434                              {pd product} {ergonomic}
    uintx ProfiledCodeHeapSize                     = 122909434                              {pd product} {ergonomic}
    uintx ReservedCodeCacheSize                    = 251658240                              {pd product} {ergonomic}
     bool SegmentedCodeCache                       = true                                      {product} {ergonomic}
   size_t SoftMaxHeapSize                          = 4238344192                             {manageable} {ergonomic}
     bool UseCompressedOops                        = true                           {product lp64_product} {ergonomic}
     bool UseG1GC                                  = true                                      {product} {ergonomic}
     bool UseLargePagesIndividualAllocation        = false                                  {pd product} {ergonomic}

Logging:
Log output configuration:
 #0: stdout all=off uptime,level,tags foldmultilines=false
 #1: stderr all=off uptime,level,tags foldmultilines=false

Environment Variables:
PATH=C:\Program Files (x86)\Common Files\Oracle\Java\javapath;C:\ProgramData\Oracle\Java\javapath;C:\Windows\System32\HWAudioDriverLibs;C:\Windows\system32;C:\Windows;C:\Windows\System32\Wbem;C:\Windows\System32\WindowsPowerShell\v1.0\;C:\Windows\System32\OpenSSH\;C:\Users\Administrator\AppData\Local\Microsoft\WindowsApps;C:\Users\Admin\AppData\Local\Microsoft\WindowsApps;;C:\Program Files\JetBrains\IntelliJ IDEA Community Edition 2023.2\bin;
USERNAME=Admin
OS=Windows_NT
PROCESSOR_IDENTIFIER=Intel64 Family 6 Model 140 Stepping 2, GenuineIntel
TMP=C:\Users\Admin\AppData\Local\Temp
TEMP=C:\Users\Admin\AppData\Local\Temp




Periodic native trim disabled

---------------  S Y S T E M  ---------------

OS:
 Windows 11 , 64 bit Build 22621 (10.0.22621.2506)
OS uptime: 18 days 0:04 hours

CPU: total 8 (initial active 8) (4 cores per cpu, 2 threads per core) family 6 model 140 stepping 2 microcode 0x16, cx8, cmov, fxsr, ht, mmx, 3dnowpref, sse, sse2, sse3, ssse3, sse4.1, sse4.2, popcnt, lzcnt, tsc, tscinvbit, avx, avx2, aes, erms, clmul, bmi1, bmi2, adx, avx512f, avx512dq, avx512cd, avx512bw, avx512vl, sha, fma, vzeroupper, avx512_vpopcntdq, avx512_vpclmulqdq, avx512_vaes, avx512_vnni, clflush, clflushopt, clwb, avx512_vbmi2, avx512_vbmi, rdtscp, rdpid, fsrm, gfni, avx512_bitalg, f16c, pku, cet_ibt, cet_ss, avx512_ifma
Processor Information for processor 0
  Max Mhz: 2496, Current Mhz: 2496, Mhz Limit: 2496
Processor Information for processor 1
  Max Mhz: 2496, Current Mhz: 2496, Mhz Limit: 2496
Processor Information for processor 2
  Max Mhz: 2496, Current Mhz: 1198, Mhz Limit: 2496
Processor Information for processor 3
  Max Mhz: 2496, Current Mhz: 2496, Mhz Limit: 2496
Processor Information for processor 4
  Max Mhz: 2496, Current Mhz: 2496, Mhz Limit: 2496
Processor Information for processor 5
  Max Mhz: 2496, Current Mhz: 2496, Mhz Limit: 2496
Processor Information for processor 6
  Max Mhz: 2496, Current Mhz: 2496, Mhz Limit: 2496
Processor Information for processor 7
  Max Mhz: 2496, Current Mhz: 1198, Mhz Limit: 2496

Memory: 4k page, system-wide physical 16167M (5932M free)
TotalPageFile size 18599M (AvailPageFile size 4666M)
current process WorkingSet (physical memory assigned to process): 173M, peak: 202M
current process commit charge ("private bytes"): 413M, peak: 443M

vm_info: OpenJDK 64-Bit Server VM (21.0.1+12-29) for windows-amd64 JRE (21.0.1+12-29), built on 2023-10-05T13:27:09Z by "mach5one" with MS VC++ 17.1 (VS2022)

END.
